ARM GAS  /tmp/ccZ3UKlP.s 			page 1


   1              		.syntax unified
   2              		.cpu cortex-m7
   3              		.eabi_attribute 28, 1
   4              		.fpu fpv5-d16
   5              		.eabi_attribute 20, 1
   6              		.eabi_attribute 21, 1
   7              		.eabi_attribute 23, 3
   8              		.eabi_attribute 24, 1
   9              		.eabi_attribute 25, 1
  10              		.eabi_attribute 26, 1
  11              		.eabi_attribute 30, 1
  12              		.eabi_attribute 34, 1
  13              		.eabi_attribute 18, 4
  14              		.thumb
  15              		.file	"stm32f7xx_hal_i2c_ex.c"
  16              		.text
  17              	.Ltext0:
  18              		.cfi_sections	.debug_frame
  19              		.section	.text.HAL_I2CEx_ConfigAnalogFilter,"ax",%progbits
  20              		.align	2
  21              		.global	HAL_I2CEx_ConfigAnalogFilter
  22              		.thumb
  23              		.thumb_func
  25              	HAL_I2CEx_ConfigAnalogFilter:
  26              	.LFB140:
  27              		.file 1 "Drivers/STM32F7xx_HAL_Driver/Src/stm32f7xx_hal_i2c_ex.c"
   1:Drivers/STM32F7xx_HAL_Driver/Src/stm32f7xx_hal_i2c_ex.c **** /**
   2:Drivers/STM32F7xx_HAL_Driver/Src/stm32f7xx_hal_i2c_ex.c ****   ******************************************************************************
   3:Drivers/STM32F7xx_HAL_Driver/Src/stm32f7xx_hal_i2c_ex.c ****   * @file    stm32f7xx_hal_i2c_ex.c
   4:Drivers/STM32F7xx_HAL_Driver/Src/stm32f7xx_hal_i2c_ex.c ****   * @author  MCD Application Team
   5:Drivers/STM32F7xx_HAL_Driver/Src/stm32f7xx_hal_i2c_ex.c ****   * @brief   I2C Extended HAL module driver.
   6:Drivers/STM32F7xx_HAL_Driver/Src/stm32f7xx_hal_i2c_ex.c ****   *          This file provides firmware functions to manage the following
   7:Drivers/STM32F7xx_HAL_Driver/Src/stm32f7xx_hal_i2c_ex.c ****   *          functionalities of I2C Extended peripheral:
   8:Drivers/STM32F7xx_HAL_Driver/Src/stm32f7xx_hal_i2c_ex.c ****   *           + Extended features functions
   9:Drivers/STM32F7xx_HAL_Driver/Src/stm32f7xx_hal_i2c_ex.c ****   *
  10:Drivers/STM32F7xx_HAL_Driver/Src/stm32f7xx_hal_i2c_ex.c ****   @verbatim
  11:Drivers/STM32F7xx_HAL_Driver/Src/stm32f7xx_hal_i2c_ex.c ****   ==============================================================================
  12:Drivers/STM32F7xx_HAL_Driver/Src/stm32f7xx_hal_i2c_ex.c ****                ##### I2C peripheral Extended features  #####
  13:Drivers/STM32F7xx_HAL_Driver/Src/stm32f7xx_hal_i2c_ex.c ****   ==============================================================================
  14:Drivers/STM32F7xx_HAL_Driver/Src/stm32f7xx_hal_i2c_ex.c **** 
  15:Drivers/STM32F7xx_HAL_Driver/Src/stm32f7xx_hal_i2c_ex.c ****   [..] Comparing to other previous devices, the I2C interface for STM32F7xx
  16:Drivers/STM32F7xx_HAL_Driver/Src/stm32f7xx_hal_i2c_ex.c ****        devices contains the following additional features
  17:Drivers/STM32F7xx_HAL_Driver/Src/stm32f7xx_hal_i2c_ex.c **** 
  18:Drivers/STM32F7xx_HAL_Driver/Src/stm32f7xx_hal_i2c_ex.c ****        (+) Possibility to disable or enable Analog Noise Filter
  19:Drivers/STM32F7xx_HAL_Driver/Src/stm32f7xx_hal_i2c_ex.c ****        (+) Use of a configured Digital Noise Filter
  20:Drivers/STM32F7xx_HAL_Driver/Src/stm32f7xx_hal_i2c_ex.c ****        (+) Disable or enable Fast Mode Plus
  21:Drivers/STM32F7xx_HAL_Driver/Src/stm32f7xx_hal_i2c_ex.c **** 
  22:Drivers/STM32F7xx_HAL_Driver/Src/stm32f7xx_hal_i2c_ex.c ****                      ##### How to use this driver #####
  23:Drivers/STM32F7xx_HAL_Driver/Src/stm32f7xx_hal_i2c_ex.c ****   ==============================================================================
  24:Drivers/STM32F7xx_HAL_Driver/Src/stm32f7xx_hal_i2c_ex.c ****   [..] This driver provides functions to:
  25:Drivers/STM32F7xx_HAL_Driver/Src/stm32f7xx_hal_i2c_ex.c ****     (#) Configure I2C Analog noise filter using the function HAL_I2CEx_ConfigAnalogFilter()
  26:Drivers/STM32F7xx_HAL_Driver/Src/stm32f7xx_hal_i2c_ex.c ****     (#) Configure I2C Digital noise filter using the function HAL_I2CEx_ConfigDigitalFilter()
  27:Drivers/STM32F7xx_HAL_Driver/Src/stm32f7xx_hal_i2c_ex.c ****     (#) Configure the enable or disable of fast mode plus driving capability using the functions :
  28:Drivers/STM32F7xx_HAL_Driver/Src/stm32f7xx_hal_i2c_ex.c ****           (++) HAL_I2CEx_EnableFastModePlus()
  29:Drivers/STM32F7xx_HAL_Driver/Src/stm32f7xx_hal_i2c_ex.c ****           (++) HAL_I2CEx_DisableFastModePlus()
  30:Drivers/STM32F7xx_HAL_Driver/Src/stm32f7xx_hal_i2c_ex.c ****   @endverbatim
  31:Drivers/STM32F7xx_HAL_Driver/Src/stm32f7xx_hal_i2c_ex.c ****   ******************************************************************************
ARM GAS  /tmp/ccZ3UKlP.s 			page 2


  32:Drivers/STM32F7xx_HAL_Driver/Src/stm32f7xx_hal_i2c_ex.c ****   * @attention
  33:Drivers/STM32F7xx_HAL_Driver/Src/stm32f7xx_hal_i2c_ex.c ****   *
  34:Drivers/STM32F7xx_HAL_Driver/Src/stm32f7xx_hal_i2c_ex.c ****   * <h2><center>&copy; COPYRIGHT(c) 2017 STMicroelectronics</center></h2>
  35:Drivers/STM32F7xx_HAL_Driver/Src/stm32f7xx_hal_i2c_ex.c ****   *
  36:Drivers/STM32F7xx_HAL_Driver/Src/stm32f7xx_hal_i2c_ex.c ****   * Redistribution and use in source and binary forms, with or without modification,
  37:Drivers/STM32F7xx_HAL_Driver/Src/stm32f7xx_hal_i2c_ex.c ****   * are permitted provided that the following conditions are met:
  38:Drivers/STM32F7xx_HAL_Driver/Src/stm32f7xx_hal_i2c_ex.c ****   *   1. Redistributions of source code must retain the above copyright notice,
  39:Drivers/STM32F7xx_HAL_Driver/Src/stm32f7xx_hal_i2c_ex.c ****   *      this list of conditions and the following disclaimer.
  40:Drivers/STM32F7xx_HAL_Driver/Src/stm32f7xx_hal_i2c_ex.c ****   *   2. Redistributions in binary form must reproduce the above copyright notice,
  41:Drivers/STM32F7xx_HAL_Driver/Src/stm32f7xx_hal_i2c_ex.c ****   *      this list of conditions and the following disclaimer in the documentation
  42:Drivers/STM32F7xx_HAL_Driver/Src/stm32f7xx_hal_i2c_ex.c ****   *      and/or other materials provided with the distribution.
  43:Drivers/STM32F7xx_HAL_Driver/Src/stm32f7xx_hal_i2c_ex.c ****   *   3. Neither the name of STMicroelectronics nor the names of its contributors
  44:Drivers/STM32F7xx_HAL_Driver/Src/stm32f7xx_hal_i2c_ex.c ****   *      may be used to endorse or promote products derived from this software
  45:Drivers/STM32F7xx_HAL_Driver/Src/stm32f7xx_hal_i2c_ex.c ****   *      without specific prior written permission.
  46:Drivers/STM32F7xx_HAL_Driver/Src/stm32f7xx_hal_i2c_ex.c ****   *
  47:Drivers/STM32F7xx_HAL_Driver/Src/stm32f7xx_hal_i2c_ex.c ****   * THIS SOFTWARE IS PROVIDED BY THE COPYRIGHT HOLDERS AND CONTRIBUTORS "AS IS"
  48:Drivers/STM32F7xx_HAL_Driver/Src/stm32f7xx_hal_i2c_ex.c ****   * AND ANY EXPRESS OR IMPLIED WARRANTIES, INCLUDING, BUT NOT LIMITED TO, THE
  49:Drivers/STM32F7xx_HAL_Driver/Src/stm32f7xx_hal_i2c_ex.c ****   * IMPLIED WARRANTIES OF MERCHANTABILITY AND FITNESS FOR A PARTICULAR PURPOSE ARE
  50:Drivers/STM32F7xx_HAL_Driver/Src/stm32f7xx_hal_i2c_ex.c ****   * DISCLAIMED. IN NO EVENT SHALL THE COPYRIGHT HOLDER OR CONTRIBUTORS BE LIABLE
  51:Drivers/STM32F7xx_HAL_Driver/Src/stm32f7xx_hal_i2c_ex.c ****   * FOR ANY DIRECT, INDIRECT, INCIDENTAL, SPECIAL, EXEMPLARY, OR CONSEQUENTIAL
  52:Drivers/STM32F7xx_HAL_Driver/Src/stm32f7xx_hal_i2c_ex.c ****   * DAMAGES (INCLUDING, BUT NOT LIMITED TO, PROCUREMENT OF SUBSTITUTE GOODS OR
  53:Drivers/STM32F7xx_HAL_Driver/Src/stm32f7xx_hal_i2c_ex.c ****   * SERVICES; LOSS OF USE, DATA, OR PROFITS; OR BUSINESS INTERRUPTION) HOWEVER
  54:Drivers/STM32F7xx_HAL_Driver/Src/stm32f7xx_hal_i2c_ex.c ****   * CAUSED AND ON ANY THEORY OF LIABILITY, WHETHER IN CONTRACT, STRICT LIABILITY,
  55:Drivers/STM32F7xx_HAL_Driver/Src/stm32f7xx_hal_i2c_ex.c ****   * OR TORT (INCLUDING NEGLIGENCE OR OTHERWISE) ARISING IN ANY WAY OUT OF THE USE
  56:Drivers/STM32F7xx_HAL_Driver/Src/stm32f7xx_hal_i2c_ex.c ****   * OF THIS SOFTWARE, EVEN IF ADVISED OF THE POSSIBILITY OF SUCH DAMAGE.
  57:Drivers/STM32F7xx_HAL_Driver/Src/stm32f7xx_hal_i2c_ex.c ****   *
  58:Drivers/STM32F7xx_HAL_Driver/Src/stm32f7xx_hal_i2c_ex.c ****   ******************************************************************************
  59:Drivers/STM32F7xx_HAL_Driver/Src/stm32f7xx_hal_i2c_ex.c ****   */
  60:Drivers/STM32F7xx_HAL_Driver/Src/stm32f7xx_hal_i2c_ex.c **** 
  61:Drivers/STM32F7xx_HAL_Driver/Src/stm32f7xx_hal_i2c_ex.c **** /* Includes ------------------------------------------------------------------*/
  62:Drivers/STM32F7xx_HAL_Driver/Src/stm32f7xx_hal_i2c_ex.c **** #include "stm32f7xx_hal.h"
  63:Drivers/STM32F7xx_HAL_Driver/Src/stm32f7xx_hal_i2c_ex.c **** 
  64:Drivers/STM32F7xx_HAL_Driver/Src/stm32f7xx_hal_i2c_ex.c **** /** @addtogroup STM32F7xx_HAL_Driver
  65:Drivers/STM32F7xx_HAL_Driver/Src/stm32f7xx_hal_i2c_ex.c ****   * @{
  66:Drivers/STM32F7xx_HAL_Driver/Src/stm32f7xx_hal_i2c_ex.c ****   */
  67:Drivers/STM32F7xx_HAL_Driver/Src/stm32f7xx_hal_i2c_ex.c **** 
  68:Drivers/STM32F7xx_HAL_Driver/Src/stm32f7xx_hal_i2c_ex.c **** /** @defgroup I2CEx I2CEx
  69:Drivers/STM32F7xx_HAL_Driver/Src/stm32f7xx_hal_i2c_ex.c ****   * @brief I2C Extended HAL module driver
  70:Drivers/STM32F7xx_HAL_Driver/Src/stm32f7xx_hal_i2c_ex.c ****   * @{
  71:Drivers/STM32F7xx_HAL_Driver/Src/stm32f7xx_hal_i2c_ex.c ****   */
  72:Drivers/STM32F7xx_HAL_Driver/Src/stm32f7xx_hal_i2c_ex.c **** 
  73:Drivers/STM32F7xx_HAL_Driver/Src/stm32f7xx_hal_i2c_ex.c **** #ifdef HAL_I2C_MODULE_ENABLED
  74:Drivers/STM32F7xx_HAL_Driver/Src/stm32f7xx_hal_i2c_ex.c **** 
  75:Drivers/STM32F7xx_HAL_Driver/Src/stm32f7xx_hal_i2c_ex.c **** /* Private typedef -----------------------------------------------------------*/
  76:Drivers/STM32F7xx_HAL_Driver/Src/stm32f7xx_hal_i2c_ex.c **** /* Private define ------------------------------------------------------------*/
  77:Drivers/STM32F7xx_HAL_Driver/Src/stm32f7xx_hal_i2c_ex.c **** /* Private macro -------------------------------------------------------------*/
  78:Drivers/STM32F7xx_HAL_Driver/Src/stm32f7xx_hal_i2c_ex.c **** /* Private variables ---------------------------------------------------------*/
  79:Drivers/STM32F7xx_HAL_Driver/Src/stm32f7xx_hal_i2c_ex.c **** /* Private function prototypes -----------------------------------------------*/
  80:Drivers/STM32F7xx_HAL_Driver/Src/stm32f7xx_hal_i2c_ex.c **** /* Private functions ---------------------------------------------------------*/
  81:Drivers/STM32F7xx_HAL_Driver/Src/stm32f7xx_hal_i2c_ex.c **** 
  82:Drivers/STM32F7xx_HAL_Driver/Src/stm32f7xx_hal_i2c_ex.c **** /** @defgroup I2CEx_Exported_Functions I2C Extended Exported Functions
  83:Drivers/STM32F7xx_HAL_Driver/Src/stm32f7xx_hal_i2c_ex.c ****   * @{
  84:Drivers/STM32F7xx_HAL_Driver/Src/stm32f7xx_hal_i2c_ex.c ****   */
  85:Drivers/STM32F7xx_HAL_Driver/Src/stm32f7xx_hal_i2c_ex.c **** 
  86:Drivers/STM32F7xx_HAL_Driver/Src/stm32f7xx_hal_i2c_ex.c **** /** @defgroup I2CEx_Exported_Functions_Group1 Extended features functions
  87:Drivers/STM32F7xx_HAL_Driver/Src/stm32f7xx_hal_i2c_ex.c ****   * @brief    Extended features functions
  88:Drivers/STM32F7xx_HAL_Driver/Src/stm32f7xx_hal_i2c_ex.c ****  *
ARM GAS  /tmp/ccZ3UKlP.s 			page 3


  89:Drivers/STM32F7xx_HAL_Driver/Src/stm32f7xx_hal_i2c_ex.c **** @verbatim
  90:Drivers/STM32F7xx_HAL_Driver/Src/stm32f7xx_hal_i2c_ex.c ****  ===============================================================================
  91:Drivers/STM32F7xx_HAL_Driver/Src/stm32f7xx_hal_i2c_ex.c ****                       ##### Extended features functions #####
  92:Drivers/STM32F7xx_HAL_Driver/Src/stm32f7xx_hal_i2c_ex.c ****  ===============================================================================
  93:Drivers/STM32F7xx_HAL_Driver/Src/stm32f7xx_hal_i2c_ex.c ****     [..] This section provides functions allowing to:
  94:Drivers/STM32F7xx_HAL_Driver/Src/stm32f7xx_hal_i2c_ex.c ****       (+) Configure Noise Filters
  95:Drivers/STM32F7xx_HAL_Driver/Src/stm32f7xx_hal_i2c_ex.c ****       (+) Configure Fast Mode Plus
  96:Drivers/STM32F7xx_HAL_Driver/Src/stm32f7xx_hal_i2c_ex.c **** 
  97:Drivers/STM32F7xx_HAL_Driver/Src/stm32f7xx_hal_i2c_ex.c **** @endverbatim
  98:Drivers/STM32F7xx_HAL_Driver/Src/stm32f7xx_hal_i2c_ex.c ****   * @{
  99:Drivers/STM32F7xx_HAL_Driver/Src/stm32f7xx_hal_i2c_ex.c ****   */
 100:Drivers/STM32F7xx_HAL_Driver/Src/stm32f7xx_hal_i2c_ex.c **** 
 101:Drivers/STM32F7xx_HAL_Driver/Src/stm32f7xx_hal_i2c_ex.c **** /**
 102:Drivers/STM32F7xx_HAL_Driver/Src/stm32f7xx_hal_i2c_ex.c ****   * @brief  Configure I2C Analog noise filter.
 103:Drivers/STM32F7xx_HAL_Driver/Src/stm32f7xx_hal_i2c_ex.c ****   * @param  hi2c Pointer to a I2C_HandleTypeDef structure that contains
 104:Drivers/STM32F7xx_HAL_Driver/Src/stm32f7xx_hal_i2c_ex.c ****   *                the configuration information for the specified I2Cx peripheral.
 105:Drivers/STM32F7xx_HAL_Driver/Src/stm32f7xx_hal_i2c_ex.c ****   * @param  AnalogFilter New state of the Analog filter.
 106:Drivers/STM32F7xx_HAL_Driver/Src/stm32f7xx_hal_i2c_ex.c ****   * @retval HAL status
 107:Drivers/STM32F7xx_HAL_Driver/Src/stm32f7xx_hal_i2c_ex.c ****   */
 108:Drivers/STM32F7xx_HAL_Driver/Src/stm32f7xx_hal_i2c_ex.c **** HAL_StatusTypeDef HAL_I2CEx_ConfigAnalogFilter(I2C_HandleTypeDef *hi2c, uint32_t AnalogFilter)
 109:Drivers/STM32F7xx_HAL_Driver/Src/stm32f7xx_hal_i2c_ex.c **** {
  28              		.loc 1 109 0
  29              		.cfi_startproc
  30              		@ args = 0, pretend = 0, frame = 0
  31              		@ frame_needed = 0, uses_anonymous_args = 0
  32              		@ link register save eliminated.
  33              	.LVL0:
 110:Drivers/STM32F7xx_HAL_Driver/Src/stm32f7xx_hal_i2c_ex.c ****   /* Check the parameters */
 111:Drivers/STM32F7xx_HAL_Driver/Src/stm32f7xx_hal_i2c_ex.c ****   assert_param(IS_I2C_ALL_INSTANCE(hi2c->Instance));
 112:Drivers/STM32F7xx_HAL_Driver/Src/stm32f7xx_hal_i2c_ex.c ****   assert_param(IS_I2C_ANALOG_FILTER(AnalogFilter));
 113:Drivers/STM32F7xx_HAL_Driver/Src/stm32f7xx_hal_i2c_ex.c **** 
 114:Drivers/STM32F7xx_HAL_Driver/Src/stm32f7xx_hal_i2c_ex.c ****   if (hi2c->State == HAL_I2C_STATE_READY)
  34              		.loc 1 114 0
  35 0000 90F84130 		ldrb	r3, [r0, #65]	@ zero_extendqisi2
  36 0004 DBB2     		uxtb	r3, r3
  37 0006 202B     		cmp	r3, #32
  38 0008 24D1     		bne	.L3
 115:Drivers/STM32F7xx_HAL_Driver/Src/stm32f7xx_hal_i2c_ex.c ****   {
 116:Drivers/STM32F7xx_HAL_Driver/Src/stm32f7xx_hal_i2c_ex.c ****     /* Process Locked */
 117:Drivers/STM32F7xx_HAL_Driver/Src/stm32f7xx_hal_i2c_ex.c ****     __HAL_LOCK(hi2c);
  39              		.loc 1 117 0
  40 000a 90F84030 		ldrb	r3, [r0, #64]	@ zero_extendqisi2
  41 000e 012B     		cmp	r3, #1
  42 0010 22D0     		beq	.L4
  43              		.loc 1 117 0 is_stmt 0 discriminator 2
  44 0012 0123     		movs	r3, #1
  45 0014 80F84030 		strb	r3, [r0, #64]
 118:Drivers/STM32F7xx_HAL_Driver/Src/stm32f7xx_hal_i2c_ex.c **** 
 119:Drivers/STM32F7xx_HAL_Driver/Src/stm32f7xx_hal_i2c_ex.c ****     hi2c->State = HAL_I2C_STATE_BUSY;
  46              		.loc 1 119 0 is_stmt 1 discriminator 2
  47 0018 2423     		movs	r3, #36
  48 001a 80F84130 		strb	r3, [r0, #65]
 120:Drivers/STM32F7xx_HAL_Driver/Src/stm32f7xx_hal_i2c_ex.c **** 
 121:Drivers/STM32F7xx_HAL_Driver/Src/stm32f7xx_hal_i2c_ex.c ****     /* Disable the selected I2C peripheral */
 122:Drivers/STM32F7xx_HAL_Driver/Src/stm32f7xx_hal_i2c_ex.c ****     __HAL_I2C_DISABLE(hi2c);
  49              		.loc 1 122 0 discriminator 2
  50 001e 0268     		ldr	r2, [r0]
ARM GAS  /tmp/ccZ3UKlP.s 			page 4


  51 0020 1368     		ldr	r3, [r2]
  52 0022 23F00103 		bic	r3, r3, #1
  53 0026 1360     		str	r3, [r2]
 123:Drivers/STM32F7xx_HAL_Driver/Src/stm32f7xx_hal_i2c_ex.c **** 
 124:Drivers/STM32F7xx_HAL_Driver/Src/stm32f7xx_hal_i2c_ex.c ****     /* Reset I2Cx ANOFF bit */
 125:Drivers/STM32F7xx_HAL_Driver/Src/stm32f7xx_hal_i2c_ex.c ****     hi2c->Instance->CR1 &= ~(I2C_CR1_ANFOFF);
  54              		.loc 1 125 0 discriminator 2
  55 0028 0268     		ldr	r2, [r0]
  56 002a 1368     		ldr	r3, [r2]
  57 002c 23F48053 		bic	r3, r3, #4096
  58 0030 1360     		str	r3, [r2]
 126:Drivers/STM32F7xx_HAL_Driver/Src/stm32f7xx_hal_i2c_ex.c **** 
 127:Drivers/STM32F7xx_HAL_Driver/Src/stm32f7xx_hal_i2c_ex.c ****     /* Set analog filter bit*/
 128:Drivers/STM32F7xx_HAL_Driver/Src/stm32f7xx_hal_i2c_ex.c ****     hi2c->Instance->CR1 |= AnalogFilter;
  59              		.loc 1 128 0 discriminator 2
  60 0032 0368     		ldr	r3, [r0]
  61 0034 1A68     		ldr	r2, [r3]
  62 0036 1143     		orrs	r1, r1, r2
  63              	.LVL1:
  64 0038 1960     		str	r1, [r3]
 129:Drivers/STM32F7xx_HAL_Driver/Src/stm32f7xx_hal_i2c_ex.c **** 
 130:Drivers/STM32F7xx_HAL_Driver/Src/stm32f7xx_hal_i2c_ex.c ****     __HAL_I2C_ENABLE(hi2c);
  65              		.loc 1 130 0 discriminator 2
  66 003a 0268     		ldr	r2, [r0]
  67 003c 1368     		ldr	r3, [r2]
  68 003e 43F00103 		orr	r3, r3, #1
  69 0042 1360     		str	r3, [r2]
 131:Drivers/STM32F7xx_HAL_Driver/Src/stm32f7xx_hal_i2c_ex.c **** 
 132:Drivers/STM32F7xx_HAL_Driver/Src/stm32f7xx_hal_i2c_ex.c ****     hi2c->State = HAL_I2C_STATE_READY;
  70              		.loc 1 132 0 discriminator 2
  71 0044 2023     		movs	r3, #32
  72 0046 80F84130 		strb	r3, [r0, #65]
 133:Drivers/STM32F7xx_HAL_Driver/Src/stm32f7xx_hal_i2c_ex.c **** 
 134:Drivers/STM32F7xx_HAL_Driver/Src/stm32f7xx_hal_i2c_ex.c ****     /* Process Unlocked */
 135:Drivers/STM32F7xx_HAL_Driver/Src/stm32f7xx_hal_i2c_ex.c ****     __HAL_UNLOCK(hi2c);
  73              		.loc 1 135 0 discriminator 2
  74 004a 0023     		movs	r3, #0
  75 004c 80F84030 		strb	r3, [r0, #64]
 136:Drivers/STM32F7xx_HAL_Driver/Src/stm32f7xx_hal_i2c_ex.c **** 
 137:Drivers/STM32F7xx_HAL_Driver/Src/stm32f7xx_hal_i2c_ex.c ****     return HAL_OK;
  76              		.loc 1 137 0 discriminator 2
  77 0050 1846     		mov	r0, r3
  78              	.LVL2:
  79 0052 7047     		bx	lr
  80              	.LVL3:
  81              	.L3:
 138:Drivers/STM32F7xx_HAL_Driver/Src/stm32f7xx_hal_i2c_ex.c ****   }
 139:Drivers/STM32F7xx_HAL_Driver/Src/stm32f7xx_hal_i2c_ex.c ****   else
 140:Drivers/STM32F7xx_HAL_Driver/Src/stm32f7xx_hal_i2c_ex.c ****   {
 141:Drivers/STM32F7xx_HAL_Driver/Src/stm32f7xx_hal_i2c_ex.c ****     return HAL_BUSY;
  82              		.loc 1 141 0
  83 0054 0220     		movs	r0, #2
  84              	.LVL4:
  85 0056 7047     		bx	lr
  86              	.LVL5:
  87              	.L4:
 117:Drivers/STM32F7xx_HAL_Driver/Src/stm32f7xx_hal_i2c_ex.c **** 
ARM GAS  /tmp/ccZ3UKlP.s 			page 5


  88              		.loc 1 117 0
  89 0058 0220     		movs	r0, #2
  90              	.LVL6:
 142:Drivers/STM32F7xx_HAL_Driver/Src/stm32f7xx_hal_i2c_ex.c ****   }
 143:Drivers/STM32F7xx_HAL_Driver/Src/stm32f7xx_hal_i2c_ex.c **** }
  91              		.loc 1 143 0
  92 005a 7047     		bx	lr
  93              		.cfi_endproc
  94              	.LFE140:
  96              		.section	.text.HAL_I2CEx_ConfigDigitalFilter,"ax",%progbits
  97              		.align	2
  98              		.global	HAL_I2CEx_ConfigDigitalFilter
  99              		.thumb
 100              		.thumb_func
 102              	HAL_I2CEx_ConfigDigitalFilter:
 103              	.LFB141:
 144:Drivers/STM32F7xx_HAL_Driver/Src/stm32f7xx_hal_i2c_ex.c **** 
 145:Drivers/STM32F7xx_HAL_Driver/Src/stm32f7xx_hal_i2c_ex.c **** /**
 146:Drivers/STM32F7xx_HAL_Driver/Src/stm32f7xx_hal_i2c_ex.c ****   * @brief  Configure I2C Digital noise filter.
 147:Drivers/STM32F7xx_HAL_Driver/Src/stm32f7xx_hal_i2c_ex.c ****   * @param  hi2c Pointer to a I2C_HandleTypeDef structure that contains
 148:Drivers/STM32F7xx_HAL_Driver/Src/stm32f7xx_hal_i2c_ex.c ****   *                the configuration information for the specified I2Cx peripheral.
 149:Drivers/STM32F7xx_HAL_Driver/Src/stm32f7xx_hal_i2c_ex.c ****   * @param  DigitalFilter Coefficient of digital noise filter between Min_Data=0x00 and Max_Data=0x
 150:Drivers/STM32F7xx_HAL_Driver/Src/stm32f7xx_hal_i2c_ex.c ****   * @retval HAL status
 151:Drivers/STM32F7xx_HAL_Driver/Src/stm32f7xx_hal_i2c_ex.c ****   */
 152:Drivers/STM32F7xx_HAL_Driver/Src/stm32f7xx_hal_i2c_ex.c **** HAL_StatusTypeDef HAL_I2CEx_ConfigDigitalFilter(I2C_HandleTypeDef *hi2c, uint32_t DigitalFilter)
 153:Drivers/STM32F7xx_HAL_Driver/Src/stm32f7xx_hal_i2c_ex.c **** {
 104              		.loc 1 153 0
 105              		.cfi_startproc
 106              		@ args = 0, pretend = 0, frame = 0
 107              		@ frame_needed = 0, uses_anonymous_args = 0
 108              		@ link register save eliminated.
 109              	.LVL7:
 154:Drivers/STM32F7xx_HAL_Driver/Src/stm32f7xx_hal_i2c_ex.c ****   uint32_t tmpreg = 0U;
 155:Drivers/STM32F7xx_HAL_Driver/Src/stm32f7xx_hal_i2c_ex.c **** 
 156:Drivers/STM32F7xx_HAL_Driver/Src/stm32f7xx_hal_i2c_ex.c ****   /* Check the parameters */
 157:Drivers/STM32F7xx_HAL_Driver/Src/stm32f7xx_hal_i2c_ex.c ****   assert_param(IS_I2C_ALL_INSTANCE(hi2c->Instance));
 158:Drivers/STM32F7xx_HAL_Driver/Src/stm32f7xx_hal_i2c_ex.c ****   assert_param(IS_I2C_DIGITAL_FILTER(DigitalFilter));
 159:Drivers/STM32F7xx_HAL_Driver/Src/stm32f7xx_hal_i2c_ex.c **** 
 160:Drivers/STM32F7xx_HAL_Driver/Src/stm32f7xx_hal_i2c_ex.c ****   if (hi2c->State == HAL_I2C_STATE_READY)
 110              		.loc 1 160 0
 111 0000 90F84130 		ldrb	r3, [r0, #65]	@ zero_extendqisi2
 112 0004 DBB2     		uxtb	r3, r3
 113 0006 202B     		cmp	r3, #32
 114 0008 22D1     		bne	.L7
 161:Drivers/STM32F7xx_HAL_Driver/Src/stm32f7xx_hal_i2c_ex.c ****   {
 162:Drivers/STM32F7xx_HAL_Driver/Src/stm32f7xx_hal_i2c_ex.c ****     /* Process Locked */
 163:Drivers/STM32F7xx_HAL_Driver/Src/stm32f7xx_hal_i2c_ex.c ****     __HAL_LOCK(hi2c);
 115              		.loc 1 163 0
 116 000a 90F84030 		ldrb	r3, [r0, #64]	@ zero_extendqisi2
 117 000e 012B     		cmp	r3, #1
 118 0010 20D0     		beq	.L8
 119              		.loc 1 163 0 is_stmt 0 discriminator 2
 120 0012 0123     		movs	r3, #1
 121 0014 80F84030 		strb	r3, [r0, #64]
 164:Drivers/STM32F7xx_HAL_Driver/Src/stm32f7xx_hal_i2c_ex.c **** 
 165:Drivers/STM32F7xx_HAL_Driver/Src/stm32f7xx_hal_i2c_ex.c ****     hi2c->State = HAL_I2C_STATE_BUSY;
 122              		.loc 1 165 0 is_stmt 1 discriminator 2
ARM GAS  /tmp/ccZ3UKlP.s 			page 6


 123 0018 2423     		movs	r3, #36
 124 001a 80F84130 		strb	r3, [r0, #65]
 166:Drivers/STM32F7xx_HAL_Driver/Src/stm32f7xx_hal_i2c_ex.c **** 
 167:Drivers/STM32F7xx_HAL_Driver/Src/stm32f7xx_hal_i2c_ex.c ****     /* Disable the selected I2C peripheral */
 168:Drivers/STM32F7xx_HAL_Driver/Src/stm32f7xx_hal_i2c_ex.c ****     __HAL_I2C_DISABLE(hi2c);
 125              		.loc 1 168 0 discriminator 2
 126 001e 0268     		ldr	r2, [r0]
 127 0020 1368     		ldr	r3, [r2]
 128 0022 23F00103 		bic	r3, r3, #1
 129 0026 1360     		str	r3, [r2]
 169:Drivers/STM32F7xx_HAL_Driver/Src/stm32f7xx_hal_i2c_ex.c **** 
 170:Drivers/STM32F7xx_HAL_Driver/Src/stm32f7xx_hal_i2c_ex.c ****     /* Get the old register value */
 171:Drivers/STM32F7xx_HAL_Driver/Src/stm32f7xx_hal_i2c_ex.c ****     tmpreg = hi2c->Instance->CR1;
 130              		.loc 1 171 0 discriminator 2
 131 0028 0268     		ldr	r2, [r0]
 132 002a 1368     		ldr	r3, [r2]
 133              	.LVL8:
 172:Drivers/STM32F7xx_HAL_Driver/Src/stm32f7xx_hal_i2c_ex.c **** 
 173:Drivers/STM32F7xx_HAL_Driver/Src/stm32f7xx_hal_i2c_ex.c ****     /* Reset I2Cx DNF bits [11:8] */
 174:Drivers/STM32F7xx_HAL_Driver/Src/stm32f7xx_hal_i2c_ex.c ****     tmpreg &= ~(I2C_CR1_DNF);
 134              		.loc 1 174 0 discriminator 2
 135 002c 23F47063 		bic	r3, r3, #3840
 136              	.LVL9:
 175:Drivers/STM32F7xx_HAL_Driver/Src/stm32f7xx_hal_i2c_ex.c **** 
 176:Drivers/STM32F7xx_HAL_Driver/Src/stm32f7xx_hal_i2c_ex.c ****     /* Set I2Cx DNF coefficient */
 177:Drivers/STM32F7xx_HAL_Driver/Src/stm32f7xx_hal_i2c_ex.c ****     tmpreg |= DigitalFilter << 8U;
 137              		.loc 1 177 0 discriminator 2
 138 0030 43EA0121 		orr	r1, r3, r1, lsl #8
 139              	.LVL10:
 178:Drivers/STM32F7xx_HAL_Driver/Src/stm32f7xx_hal_i2c_ex.c **** 
 179:Drivers/STM32F7xx_HAL_Driver/Src/stm32f7xx_hal_i2c_ex.c ****     /* Store the new register value */
 180:Drivers/STM32F7xx_HAL_Driver/Src/stm32f7xx_hal_i2c_ex.c ****     hi2c->Instance->CR1 = tmpreg;
 140              		.loc 1 180 0 discriminator 2
 141 0034 1160     		str	r1, [r2]
 181:Drivers/STM32F7xx_HAL_Driver/Src/stm32f7xx_hal_i2c_ex.c **** 
 182:Drivers/STM32F7xx_HAL_Driver/Src/stm32f7xx_hal_i2c_ex.c ****     __HAL_I2C_ENABLE(hi2c);
 142              		.loc 1 182 0 discriminator 2
 143 0036 0268     		ldr	r2, [r0]
 144 0038 1368     		ldr	r3, [r2]
 145 003a 43F00103 		orr	r3, r3, #1
 146 003e 1360     		str	r3, [r2]
 183:Drivers/STM32F7xx_HAL_Driver/Src/stm32f7xx_hal_i2c_ex.c **** 
 184:Drivers/STM32F7xx_HAL_Driver/Src/stm32f7xx_hal_i2c_ex.c ****     hi2c->State = HAL_I2C_STATE_READY;
 147              		.loc 1 184 0 discriminator 2
 148 0040 2023     		movs	r3, #32
 149 0042 80F84130 		strb	r3, [r0, #65]
 185:Drivers/STM32F7xx_HAL_Driver/Src/stm32f7xx_hal_i2c_ex.c **** 
 186:Drivers/STM32F7xx_HAL_Driver/Src/stm32f7xx_hal_i2c_ex.c ****     /* Process Unlocked */
 187:Drivers/STM32F7xx_HAL_Driver/Src/stm32f7xx_hal_i2c_ex.c ****     __HAL_UNLOCK(hi2c);
 150              		.loc 1 187 0 discriminator 2
 151 0046 0023     		movs	r3, #0
 152 0048 80F84030 		strb	r3, [r0, #64]
 188:Drivers/STM32F7xx_HAL_Driver/Src/stm32f7xx_hal_i2c_ex.c **** 
 189:Drivers/STM32F7xx_HAL_Driver/Src/stm32f7xx_hal_i2c_ex.c ****     return HAL_OK;
 153              		.loc 1 189 0 discriminator 2
 154 004c 1846     		mov	r0, r3
 155              	.LVL11:
ARM GAS  /tmp/ccZ3UKlP.s 			page 7


 156 004e 7047     		bx	lr
 157              	.LVL12:
 158              	.L7:
 190:Drivers/STM32F7xx_HAL_Driver/Src/stm32f7xx_hal_i2c_ex.c ****   }
 191:Drivers/STM32F7xx_HAL_Driver/Src/stm32f7xx_hal_i2c_ex.c ****   else
 192:Drivers/STM32F7xx_HAL_Driver/Src/stm32f7xx_hal_i2c_ex.c ****   {
 193:Drivers/STM32F7xx_HAL_Driver/Src/stm32f7xx_hal_i2c_ex.c ****     return HAL_BUSY;
 159              		.loc 1 193 0
 160 0050 0220     		movs	r0, #2
 161              	.LVL13:
 162 0052 7047     		bx	lr
 163              	.LVL14:
 164              	.L8:
 163:Drivers/STM32F7xx_HAL_Driver/Src/stm32f7xx_hal_i2c_ex.c **** 
 165              		.loc 1 163 0
 166 0054 0220     		movs	r0, #2
 167              	.LVL15:
 194:Drivers/STM32F7xx_HAL_Driver/Src/stm32f7xx_hal_i2c_ex.c ****   }
 195:Drivers/STM32F7xx_HAL_Driver/Src/stm32f7xx_hal_i2c_ex.c **** }
 168              		.loc 1 195 0
 169 0056 7047     		bx	lr
 170              		.cfi_endproc
 171              	.LFE141:
 173              		.section	.text.HAL_I2CEx_EnableFastModePlus,"ax",%progbits
 174              		.align	2
 175              		.global	HAL_I2CEx_EnableFastModePlus
 176              		.thumb
 177              		.thumb_func
 179              	HAL_I2CEx_EnableFastModePlus:
 180              	.LFB142:
 196:Drivers/STM32F7xx_HAL_Driver/Src/stm32f7xx_hal_i2c_ex.c **** 
 197:Drivers/STM32F7xx_HAL_Driver/Src/stm32f7xx_hal_i2c_ex.c **** #if  (defined(SYSCFG_PMC_I2C_PB6_FMP) || defined(SYSCFG_PMC_I2C_PB7_FMP)) || (defined(SYSCFG_PMC_I2
 198:Drivers/STM32F7xx_HAL_Driver/Src/stm32f7xx_hal_i2c_ex.c **** /**
 199:Drivers/STM32F7xx_HAL_Driver/Src/stm32f7xx_hal_i2c_ex.c ****   * @brief Enable the I2C fast mode plus driving capability.
 200:Drivers/STM32F7xx_HAL_Driver/Src/stm32f7xx_hal_i2c_ex.c ****   * @param ConfigFastModePlus Selects the pin.
 201:Drivers/STM32F7xx_HAL_Driver/Src/stm32f7xx_hal_i2c_ex.c ****   *   This parameter can be one of the @ref I2CEx_FastModePlus values
 202:Drivers/STM32F7xx_HAL_Driver/Src/stm32f7xx_hal_i2c_ex.c ****   * @note  For I2C1, fast mode plus driving capability can be enabled on all selected
 203:Drivers/STM32F7xx_HAL_Driver/Src/stm32f7xx_hal_i2c_ex.c ****   *        I2C1 pins using I2C_FASTMODEPLUS_I2C1 parameter or independently
 204:Drivers/STM32F7xx_HAL_Driver/Src/stm32f7xx_hal_i2c_ex.c ****   *        on each one of the following pins PB6, PB7, PB8 and PB9.
 205:Drivers/STM32F7xx_HAL_Driver/Src/stm32f7xx_hal_i2c_ex.c ****   * @note  For remaining I2C1 pins (PA14, PA15...) fast mode plus driving capability
 206:Drivers/STM32F7xx_HAL_Driver/Src/stm32f7xx_hal_i2c_ex.c ****   *        can be enabled only by using I2C_FASTMODEPLUS_I2C1 parameter.
 207:Drivers/STM32F7xx_HAL_Driver/Src/stm32f7xx_hal_i2c_ex.c ****   * @note  For all I2C2 pins fast mode plus driving capability can be enabled
 208:Drivers/STM32F7xx_HAL_Driver/Src/stm32f7xx_hal_i2c_ex.c ****   *        only by using I2C_FASTMODEPLUS_I2C2 parameter.
 209:Drivers/STM32F7xx_HAL_Driver/Src/stm32f7xx_hal_i2c_ex.c ****   * @note  For all I2C3 pins fast mode plus driving capability can be enabled
 210:Drivers/STM32F7xx_HAL_Driver/Src/stm32f7xx_hal_i2c_ex.c ****   *        only by using I2C_FASTMODEPLUS_I2C3 parameter.
 211:Drivers/STM32F7xx_HAL_Driver/Src/stm32f7xx_hal_i2c_ex.c ****   * @note  For all I2C4 pins fast mode plus driving capability can be enabled
 212:Drivers/STM32F7xx_HAL_Driver/Src/stm32f7xx_hal_i2c_ex.c ****   *        only by using I2C_FASTMODEPLUS_I2C4 parameter.
 213:Drivers/STM32F7xx_HAL_Driver/Src/stm32f7xx_hal_i2c_ex.c ****   * @retval None
 214:Drivers/STM32F7xx_HAL_Driver/Src/stm32f7xx_hal_i2c_ex.c ****   */
 215:Drivers/STM32F7xx_HAL_Driver/Src/stm32f7xx_hal_i2c_ex.c **** void HAL_I2CEx_EnableFastModePlus(uint32_t ConfigFastModePlus)
 216:Drivers/STM32F7xx_HAL_Driver/Src/stm32f7xx_hal_i2c_ex.c **** {
 181              		.loc 1 216 0
 182              		.cfi_startproc
 183              		@ args = 0, pretend = 0, frame = 8
 184              		@ frame_needed = 0, uses_anonymous_args = 0
 185              		@ link register save eliminated.
 186              	.LVL16:
ARM GAS  /tmp/ccZ3UKlP.s 			page 8


 187 0000 82B0     		sub	sp, sp, #8
 188              	.LCFI0:
 189              		.cfi_def_cfa_offset 8
 190              	.LBB2:
 217:Drivers/STM32F7xx_HAL_Driver/Src/stm32f7xx_hal_i2c_ex.c ****   /* Check the parameter */
 218:Drivers/STM32F7xx_HAL_Driver/Src/stm32f7xx_hal_i2c_ex.c ****   assert_param(IS_I2C_FASTMODEPLUS(ConfigFastModePlus));
 219:Drivers/STM32F7xx_HAL_Driver/Src/stm32f7xx_hal_i2c_ex.c **** 
 220:Drivers/STM32F7xx_HAL_Driver/Src/stm32f7xx_hal_i2c_ex.c ****   /* Enable SYSCFG clock */
 221:Drivers/STM32F7xx_HAL_Driver/Src/stm32f7xx_hal_i2c_ex.c ****   __HAL_RCC_SYSCFG_CLK_ENABLE();
 191              		.loc 1 221 0
 192 0002 084B     		ldr	r3, .L11
 193 0004 5A6C     		ldr	r2, [r3, #68]
 194 0006 42F48042 		orr	r2, r2, #16384
 195 000a 5A64     		str	r2, [r3, #68]
 196 000c 5B6C     		ldr	r3, [r3, #68]
 197 000e 03F48043 		and	r3, r3, #16384
 198 0012 0193     		str	r3, [sp, #4]
 199 0014 019B     		ldr	r3, [sp, #4]
 200              	.LBE2:
 222:Drivers/STM32F7xx_HAL_Driver/Src/stm32f7xx_hal_i2c_ex.c **** 
 223:Drivers/STM32F7xx_HAL_Driver/Src/stm32f7xx_hal_i2c_ex.c ****   /* Enable fast mode plus driving capability for selected pin */
 224:Drivers/STM32F7xx_HAL_Driver/Src/stm32f7xx_hal_i2c_ex.c ****   SET_BIT(SYSCFG->PMC, (uint32_t)ConfigFastModePlus);
 201              		.loc 1 224 0
 202 0016 044A     		ldr	r2, .L11+4
 203 0018 5368     		ldr	r3, [r2, #4]
 204 001a 1843     		orrs	r0, r0, r3
 205              	.LVL17:
 206 001c 5060     		str	r0, [r2, #4]
 225:Drivers/STM32F7xx_HAL_Driver/Src/stm32f7xx_hal_i2c_ex.c **** }
 207              		.loc 1 225 0
 208 001e 02B0     		add	sp, sp, #8
 209              	.LCFI1:
 210              		.cfi_def_cfa_offset 0
 211              		@ sp needed
 212 0020 7047     		bx	lr
 213              	.L12:
 214 0022 00BF     		.align	2
 215              	.L11:
 216 0024 00380240 		.word	1073887232
 217 0028 00380140 		.word	1073821696
 218              		.cfi_endproc
 219              	.LFE142:
 221              		.section	.text.HAL_I2CEx_DisableFastModePlus,"ax",%progbits
 222              		.align	2
 223              		.global	HAL_I2CEx_DisableFastModePlus
 224              		.thumb
 225              		.thumb_func
 227              	HAL_I2CEx_DisableFastModePlus:
 228              	.LFB143:
 226:Drivers/STM32F7xx_HAL_Driver/Src/stm32f7xx_hal_i2c_ex.c **** 
 227:Drivers/STM32F7xx_HAL_Driver/Src/stm32f7xx_hal_i2c_ex.c **** /**
 228:Drivers/STM32F7xx_HAL_Driver/Src/stm32f7xx_hal_i2c_ex.c ****   * @brief Disable the I2C fast mode plus driving capability.
 229:Drivers/STM32F7xx_HAL_Driver/Src/stm32f7xx_hal_i2c_ex.c ****   * @param ConfigFastModePlus Selects the pin.
 230:Drivers/STM32F7xx_HAL_Driver/Src/stm32f7xx_hal_i2c_ex.c ****   *   This parameter can be one of the @ref I2CEx_FastModePlus values
 231:Drivers/STM32F7xx_HAL_Driver/Src/stm32f7xx_hal_i2c_ex.c ****   * @note  For I2C1, fast mode plus driving capability can be disabled on all selected
 232:Drivers/STM32F7xx_HAL_Driver/Src/stm32f7xx_hal_i2c_ex.c ****   *        I2C1 pins using I2C_FASTMODEPLUS_I2C1 parameter or independently
 233:Drivers/STM32F7xx_HAL_Driver/Src/stm32f7xx_hal_i2c_ex.c ****   *        on each one of the following pins PB6, PB7, PB8 and PB9.
ARM GAS  /tmp/ccZ3UKlP.s 			page 9


 234:Drivers/STM32F7xx_HAL_Driver/Src/stm32f7xx_hal_i2c_ex.c ****   * @note  For remaining I2C1 pins (PA14, PA15...) fast mode plus driving capability
 235:Drivers/STM32F7xx_HAL_Driver/Src/stm32f7xx_hal_i2c_ex.c ****   *        can be disabled only by using I2C_FASTMODEPLUS_I2C1 parameter.
 236:Drivers/STM32F7xx_HAL_Driver/Src/stm32f7xx_hal_i2c_ex.c ****   * @note  For all I2C2 pins fast mode plus driving capability can be disabled
 237:Drivers/STM32F7xx_HAL_Driver/Src/stm32f7xx_hal_i2c_ex.c ****   *        only by using I2C_FASTMODEPLUS_I2C2 parameter.
 238:Drivers/STM32F7xx_HAL_Driver/Src/stm32f7xx_hal_i2c_ex.c ****   * @note  For all I2C3 pins fast mode plus driving capability can be disabled
 239:Drivers/STM32F7xx_HAL_Driver/Src/stm32f7xx_hal_i2c_ex.c ****   *        only by using I2C_FASTMODEPLUS_I2C3 parameter.
 240:Drivers/STM32F7xx_HAL_Driver/Src/stm32f7xx_hal_i2c_ex.c ****   * @note  For all I2C4 pins fast mode plus driving capability can be disabled
 241:Drivers/STM32F7xx_HAL_Driver/Src/stm32f7xx_hal_i2c_ex.c ****   *        only by using I2C_FASTMODEPLUS_I2C4 parameter.
 242:Drivers/STM32F7xx_HAL_Driver/Src/stm32f7xx_hal_i2c_ex.c ****   * @retval None
 243:Drivers/STM32F7xx_HAL_Driver/Src/stm32f7xx_hal_i2c_ex.c ****   */
 244:Drivers/STM32F7xx_HAL_Driver/Src/stm32f7xx_hal_i2c_ex.c **** void HAL_I2CEx_DisableFastModePlus(uint32_t ConfigFastModePlus)
 245:Drivers/STM32F7xx_HAL_Driver/Src/stm32f7xx_hal_i2c_ex.c **** {
 229              		.loc 1 245 0
 230              		.cfi_startproc
 231              		@ args = 0, pretend = 0, frame = 8
 232              		@ frame_needed = 0, uses_anonymous_args = 0
 233              		@ link register save eliminated.
 234              	.LVL18:
 235 0000 82B0     		sub	sp, sp, #8
 236              	.LCFI2:
 237              		.cfi_def_cfa_offset 8
 238              	.LBB3:
 246:Drivers/STM32F7xx_HAL_Driver/Src/stm32f7xx_hal_i2c_ex.c ****   /* Check the parameter */
 247:Drivers/STM32F7xx_HAL_Driver/Src/stm32f7xx_hal_i2c_ex.c ****   assert_param(IS_I2C_FASTMODEPLUS(ConfigFastModePlus));
 248:Drivers/STM32F7xx_HAL_Driver/Src/stm32f7xx_hal_i2c_ex.c **** 
 249:Drivers/STM32F7xx_HAL_Driver/Src/stm32f7xx_hal_i2c_ex.c ****   /* Enable SYSCFG clock */
 250:Drivers/STM32F7xx_HAL_Driver/Src/stm32f7xx_hal_i2c_ex.c ****   __HAL_RCC_SYSCFG_CLK_ENABLE();
 239              		.loc 1 250 0
 240 0002 084B     		ldr	r3, .L15
 241 0004 5A6C     		ldr	r2, [r3, #68]
 242 0006 42F48042 		orr	r2, r2, #16384
 243 000a 5A64     		str	r2, [r3, #68]
 244 000c 5B6C     		ldr	r3, [r3, #68]
 245 000e 03F48043 		and	r3, r3, #16384
 246 0012 0193     		str	r3, [sp, #4]
 247 0014 019B     		ldr	r3, [sp, #4]
 248              	.LBE3:
 251:Drivers/STM32F7xx_HAL_Driver/Src/stm32f7xx_hal_i2c_ex.c **** 
 252:Drivers/STM32F7xx_HAL_Driver/Src/stm32f7xx_hal_i2c_ex.c ****   /* Disable fast mode plus driving capability for selected pin */
 253:Drivers/STM32F7xx_HAL_Driver/Src/stm32f7xx_hal_i2c_ex.c ****   CLEAR_BIT(SYSCFG->PMC, (uint32_t)ConfigFastModePlus);
 249              		.loc 1 253 0
 250 0016 044A     		ldr	r2, .L15+4
 251 0018 5368     		ldr	r3, [r2, #4]
 252 001a 23EA0000 		bic	r0, r3, r0
 253              	.LVL19:
 254 001e 5060     		str	r0, [r2, #4]
 254:Drivers/STM32F7xx_HAL_Driver/Src/stm32f7xx_hal_i2c_ex.c **** }
 255              		.loc 1 254 0
 256 0020 02B0     		add	sp, sp, #8
 257              	.LCFI3:
 258              		.cfi_def_cfa_offset 0
 259              		@ sp needed
 260 0022 7047     		bx	lr
 261              	.L16:
 262              		.align	2
 263              	.L15:
 264 0024 00380240 		.word	1073887232
ARM GAS  /tmp/ccZ3UKlP.s 			page 10


 265 0028 00380140 		.word	1073821696
 266              		.cfi_endproc
 267              	.LFE143:
 269              		.text
 270              	.Letext0:
 271              		.file 2 "/home/reglisse/opt/gcc-arm-none-eabi-4_9-2015q3/arm-none-eabi/include/machine/_default_ty
 272              		.file 3 "/home/reglisse/opt/gcc-arm-none-eabi-4_9-2015q3/arm-none-eabi/include/sys/_stdint.h"
 273              		.file 4 "Drivers/CMSIS/Device/ST/STM32F7xx/Include/stm32f767xx.h"
 274              		.file 5 "Drivers/STM32F7xx_HAL_Driver/Inc/stm32f7xx_hal_def.h"
 275              		.file 6 "Drivers/STM32F7xx_HAL_Driver/Inc/stm32f7xx_hal_dma.h"
 276              		.file 7 "Drivers/STM32F7xx_HAL_Driver/Inc/stm32f7xx_hal_i2c.h"
 277              		.file 8 "Drivers/CMSIS/Include/core_cm7.h"
ARM GAS  /tmp/ccZ3UKlP.s 			page 11


DEFINED SYMBOLS
                            *ABS*:00000000 stm32f7xx_hal_i2c_ex.c
     /tmp/ccZ3UKlP.s:20     .text.HAL_I2CEx_ConfigAnalogFilter:00000000 $t
     /tmp/ccZ3UKlP.s:25     .text.HAL_I2CEx_ConfigAnalogFilter:00000000 HAL_I2CEx_ConfigAnalogFilter
     /tmp/ccZ3UKlP.s:97     .text.HAL_I2CEx_ConfigDigitalFilter:00000000 $t
     /tmp/ccZ3UKlP.s:102    .text.HAL_I2CEx_ConfigDigitalFilter:00000000 HAL_I2CEx_ConfigDigitalFilter
     /tmp/ccZ3UKlP.s:174    .text.HAL_I2CEx_EnableFastModePlus:00000000 $t
     /tmp/ccZ3UKlP.s:179    .text.HAL_I2CEx_EnableFastModePlus:00000000 HAL_I2CEx_EnableFastModePlus
     /tmp/ccZ3UKlP.s:216    .text.HAL_I2CEx_EnableFastModePlus:00000024 $d
     /tmp/ccZ3UKlP.s:222    .text.HAL_I2CEx_DisableFastModePlus:00000000 $t
     /tmp/ccZ3UKlP.s:227    .text.HAL_I2CEx_DisableFastModePlus:00000000 HAL_I2CEx_DisableFastModePlus
     /tmp/ccZ3UKlP.s:264    .text.HAL_I2CEx_DisableFastModePlus:00000024 $d
                     .debug_frame:00000010 $d

NO UNDEFINED SYMBOLS
