ARM GAS  /tmp/cc0sXDoy.s 			page 1


   1              		.cpu cortex-m4
   2              		.eabi_attribute 27, 1
   3              		.eabi_attribute 28, 1
   4              		.eabi_attribute 20, 1
   5              		.eabi_attribute 21, 1
   6              		.eabi_attribute 23, 3
   7              		.eabi_attribute 24, 1
   8              		.eabi_attribute 25, 1
   9              		.eabi_attribute 26, 1
  10              		.eabi_attribute 30, 2
  11              		.eabi_attribute 34, 1
  12              		.eabi_attribute 18, 4
  13              		.file	"bluenrg_utils_small.c"
  14              		.text
  15              	.Ltext0:
  16              		.cfi_sections	.debug_frame
  17              		.section	.text.getBlueNRGVersion,"ax",%progbits
  18              		.align	1
  19              		.p2align 2,,3
  20              		.global	getBlueNRGVersion
  21              		.arch armv7e-m
  22              		.syntax unified
  23              		.thumb
  24              		.thumb_func
  25              		.fpu fpv4-sp-d16
  27              	getBlueNRGVersion:
  28              	.LVL0:
  29              	.LFB130:
  30              		.file 1 "Middlewares/ST/BlueNRG-MS/hci/controller/bluenrg_utils_small.c"
   1:Middlewares/ST/BlueNRG-MS/hci/controller/bluenrg_utils_small.c **** 
   2:Middlewares/ST/BlueNRG-MS/hci/controller/bluenrg_utils_small.c **** #include "bluenrg_types.h"
   3:Middlewares/ST/BlueNRG-MS/hci/controller/bluenrg_utils_small.c **** #include "bluenrg_def.h"
   4:Middlewares/ST/BlueNRG-MS/hci/controller/bluenrg_utils_small.c **** #include "bluenrg_aci.h"
   5:Middlewares/ST/BlueNRG-MS/hci/controller/bluenrg_utils_small.c **** #include "bluenrg_utils.h"
   6:Middlewares/ST/BlueNRG-MS/hci/controller/bluenrg_utils_small.c **** #include "hci.h"
   7:Middlewares/ST/BlueNRG-MS/hci/controller/bluenrg_utils_small.c **** #include "hci_le.h"
   8:Middlewares/ST/BlueNRG-MS/hci/controller/bluenrg_utils_small.c **** #include "string.h"
   9:Middlewares/ST/BlueNRG-MS/hci/controller/bluenrg_utils_small.c **** 
  10:Middlewares/ST/BlueNRG-MS/hci/controller/bluenrg_utils_small.c **** uint8_t getBlueNRGVersion(uint8_t *hwVersion, uint16_t *fwVersion)
  11:Middlewares/ST/BlueNRG-MS/hci/controller/bluenrg_utils_small.c **** {
  31              		.loc 1 11 1 view -0
  32              		.cfi_startproc
  33              		@ args = 0, pretend = 0, frame = 8
  34              		@ frame_needed = 0, uses_anonymous_args = 0
  12:Middlewares/ST/BlueNRG-MS/hci/controller/bluenrg_utils_small.c ****   uint8_t status;
  35              		.loc 1 12 3 view .LVU1
  13:Middlewares/ST/BlueNRG-MS/hci/controller/bluenrg_utils_small.c ****   uint8_t hci_version, lmp_pal_version;
  36              		.loc 1 13 3 view .LVU2
  14:Middlewares/ST/BlueNRG-MS/hci/controller/bluenrg_utils_small.c ****   uint16_t hci_revision, manufacturer_name, lmp_pal_subversion;
  37              		.loc 1 14 3 view .LVU3
  15:Middlewares/ST/BlueNRG-MS/hci/controller/bluenrg_utils_small.c **** 
  16:Middlewares/ST/BlueNRG-MS/hci/controller/bluenrg_utils_small.c ****   status = hci_le_read_local_version(&hci_version, &hci_revision, &lmp_pal_version, 
  38              		.loc 1 16 3 view .LVU4
  11:Middlewares/ST/BlueNRG-MS/hci/controller/bluenrg_utils_small.c ****   uint8_t status;
  39              		.loc 1 11 1 is_stmt 0 view .LVU5
  40 0000 30B5     		push	{r4, r5, lr}
  41              	.LCFI0:
ARM GAS  /tmp/cc0sXDoy.s 			page 2


  42              		.cfi_def_cfa_offset 12
  43              		.cfi_offset 4, -12
  44              		.cfi_offset 5, -8
  45              		.cfi_offset 14, -4
  46 0002 85B0     		sub	sp, sp, #20
  47              	.LCFI1:
  48              		.cfi_def_cfa_offset 32
  49              		.loc 1 16 12 view .LVU6
  50 0004 0DF10E03 		add	r3, sp, #14
  51 0008 0093     		str	r3, [sp]
  11:Middlewares/ST/BlueNRG-MS/hci/controller/bluenrg_utils_small.c ****   uint8_t status;
  52              		.loc 1 11 1 view .LVU7
  53 000a 0546     		mov	r5, r0
  54 000c 0C46     		mov	r4, r1
  55              		.loc 1 16 12 view .LVU8
  56 000e 03AB     		add	r3, sp, #12
  57 0010 0DF10902 		add	r2, sp, #9
  58 0014 0DF10A01 		add	r1, sp, #10
  59              	.LVL1:
  60              		.loc 1 16 12 view .LVU9
  61 0018 02A8     		add	r0, sp, #8
  62              	.LVL2:
  63              		.loc 1 16 12 view .LVU10
  64 001a FFF7FEFF 		bl	hci_le_read_local_version
  65              	.LVL3:
  17:Middlewares/ST/BlueNRG-MS/hci/controller/bluenrg_utils_small.c **** 				     &manufacturer_name, &lmp_pal_subversion);
  18:Middlewares/ST/BlueNRG-MS/hci/controller/bluenrg_utils_small.c **** 
  19:Middlewares/ST/BlueNRG-MS/hci/controller/bluenrg_utils_small.c ****   if (status == BLE_STATUS_SUCCESS) {
  66              		.loc 1 19 3 is_stmt 1 view .LVU11
  67              		.loc 1 19 6 is_stmt 0 view .LVU12
  68 001e 10F0FF00 		ands	r0, r0, #255
  69              	.LVL4:
  70              		.loc 1 19 6 view .LVU13
  71 0022 0DD1     		bne	.L2
  20:Middlewares/ST/BlueNRG-MS/hci/controller/bluenrg_utils_small.c ****     *hwVersion = hci_revision >> 8;
  72              		.loc 1 20 5 is_stmt 1 view .LVU14
  21:Middlewares/ST/BlueNRG-MS/hci/controller/bluenrg_utils_small.c ****     *fwVersion = (hci_revision & 0xFF) << 8;              // Major Version Number
  22:Middlewares/ST/BlueNRG-MS/hci/controller/bluenrg_utils_small.c ****     *fwVersion |= ((lmp_pal_subversion >> 4) & 0xF) << 4; // Minor Version Number
  73              		.loc 1 22 53 is_stmt 0 view .LVU15
  74 0024 BDF80E30 		ldrh	r3, [sp, #14]
  20:Middlewares/ST/BlueNRG-MS/hci/controller/bluenrg_utils_small.c ****     *hwVersion = hci_revision >> 8;
  75              		.loc 1 20 16 view .LVU16
  76 0028 BDF80A20 		ldrh	r2, [sp, #10]
  23:Middlewares/ST/BlueNRG-MS/hci/controller/bluenrg_utils_small.c ****     *fwVersion |= lmp_pal_subversion & 0xF;               // Patch Version Number
  77              		.loc 1 23 38 view .LVU17
  78 002c 03F00F01 		and	r1, r3, #15
  79              		.loc 1 23 16 view .LVU18
  80 0030 41EA0221 		orr	r1, r1, r2, lsl #8
  22:Middlewares/ST/BlueNRG-MS/hci/controller/bluenrg_utils_small.c ****     *fwVersion |= lmp_pal_subversion & 0xF;               // Patch Version Number
  81              		.loc 1 22 53 view .LVU19
  82 0034 03F0F003 		and	r3, r3, #240
  83              		.loc 1 23 16 view .LVU20
  84 0038 0B43     		orrs	r3, r3, r1
  20:Middlewares/ST/BlueNRG-MS/hci/controller/bluenrg_utils_small.c ****     *fwVersion = (hci_revision & 0xFF) << 8;              // Major Version Number
  85              		.loc 1 20 16 view .LVU21
  86 003a 120A     		lsrs	r2, r2, #8
  87 003c 2A70     		strb	r2, [r5]
ARM GAS  /tmp/cc0sXDoy.s 			page 3


  21:Middlewares/ST/BlueNRG-MS/hci/controller/bluenrg_utils_small.c ****     *fwVersion |= ((lmp_pal_subversion >> 4) & 0xF) << 4; // Minor Version Number
  88              		.loc 1 21 5 is_stmt 1 view .LVU22
  22:Middlewares/ST/BlueNRG-MS/hci/controller/bluenrg_utils_small.c ****     *fwVersion |= lmp_pal_subversion & 0xF;               // Patch Version Number
  89              		.loc 1 22 5 view .LVU23
  90              		.loc 1 23 5 view .LVU24
  91              		.loc 1 23 16 is_stmt 0 view .LVU25
  92 003e 2380     		strh	r3, [r4]	@ movhi
  93              	.L2:
  24:Middlewares/ST/BlueNRG-MS/hci/controller/bluenrg_utils_small.c ****   }
  25:Middlewares/ST/BlueNRG-MS/hci/controller/bluenrg_utils_small.c ****   return status;
  94              		.loc 1 25 3 is_stmt 1 view .LVU26
  26:Middlewares/ST/BlueNRG-MS/hci/controller/bluenrg_utils_small.c **** }
  95              		.loc 1 26 1 is_stmt 0 view .LVU27
  96 0040 05B0     		add	sp, sp, #20
  97              	.LCFI2:
  98              		.cfi_def_cfa_offset 12
  99              		@ sp needed
 100 0042 30BD     		pop	{r4, r5, pc}
 101              		.loc 1 26 1 view .LVU28
 102              		.cfi_endproc
 103              	.LFE130:
 105              		.text
 106              	.Letext0:
 107              		.file 2 "/usr/lib/gcc/arm-none-eabi/9.2.1/include/stdint.h"
 108              		.file 3 "Drivers/CMSIS/Include/core_cm4.h"
 109              		.file 4 "Drivers/CMSIS/Device/ST/STM32F4xx/Include/system_stm32f4xx.h"
 110              		.file 5 "Drivers/CMSIS/Device/ST/STM32F4xx/Include/stm32f446xx.h"
 111              		.file 6 "Drivers/STM32F4xx_HAL_Driver/Inc/stm32f4xx_hal_def.h"
 112              		.file 7 "Drivers/STM32F4xx_HAL_Driver/Inc/stm32f4xx_hal_exti.h"
 113              		.file 8 "Drivers/STM32F4xx_HAL_Driver/Inc/stm32f4xx_hal_dma.h"
 114              		.file 9 "Drivers/STM32F4xx_HAL_Driver/Inc/stm32f4xx_hal_spi.h"
 115              		.file 10 "Drivers/STM32F4xx_HAL_Driver/Inc/stm32f4xx_hal.h"
 116              		.file 11 "Inc/stm32f4xx_nucleo_bus.h"
 117              		.file 12 "Inc/hci_tl_interface.h"
 118              		.file 13 "/usr/lib/gcc/arm-none-eabi/9.2.1/include/stddef.h"
 119              		.file 14 "/usr/include/newlib/sys/_types.h"
 120              		.file 15 "/usr/include/newlib/sys/reent.h"
 121              		.file 16 "/usr/include/newlib/sys/lock.h"
 122              		.file 17 "Middlewares/ST/BlueNRG-MS/includes/bluenrg_utils.h"
 123              		.file 18 "Middlewares/ST/BlueNRG-MS/includes/hci_le.h"
ARM GAS  /tmp/cc0sXDoy.s 			page 4


DEFINED SYMBOLS
                            *ABS*:0000000000000000 bluenrg_utils_small.c
     /tmp/cc0sXDoy.s:18     .text.getBlueNRGVersion:0000000000000000 $t
     /tmp/cc0sXDoy.s:27     .text.getBlueNRGVersion:0000000000000000 getBlueNRGVersion

UNDEFINED SYMBOLS
hci_le_read_local_version
