ARM GAS  /tmp/cc65vmza.s 			page 1


   1              		.cpu cortex-m4
   2              		.eabi_attribute 27, 1
   3              		.eabi_attribute 28, 1
   4              		.eabi_attribute 20, 1
   5              		.eabi_attribute 21, 1
   6              		.eabi_attribute 23, 3
   7              		.eabi_attribute 24, 1
   8              		.eabi_attribute 25, 1
   9              		.eabi_attribute 26, 1
  10              		.eabi_attribute 30, 2
  11              		.eabi_attribute 34, 1
  12              		.eabi_attribute 18, 4
  13              		.file	"stm32f4xx_hal_timebase_tim.c"
  14              		.text
  15              	.Ltext0:
  16              		.cfi_sections	.debug_frame
  17              		.section	.text.HAL_InitTick,"ax",%progbits
  18              		.align	1
  19              		.p2align 2,,3
  20              		.global	HAL_InitTick
  21              		.arch armv7e-m
  22              		.syntax unified
  23              		.thumb
  24              		.thumb_func
  25              		.fpu fpv4-sp-d16
  27              	HAL_InitTick:
  28              	.LVL0:
  29              	.LFB130:
  30              		.file 1 "Src/stm32f4xx_hal_timebase_tim.c"
   1:Src/stm32f4xx_hal_timebase_tim.c **** /* USER CODE BEGIN Header */
   2:Src/stm32f4xx_hal_timebase_tim.c **** /**
   3:Src/stm32f4xx_hal_timebase_tim.c ****   ******************************************************************************
   4:Src/stm32f4xx_hal_timebase_tim.c ****   * @file    stm32f4xx_hal_timebase_TIM.c 
   5:Src/stm32f4xx_hal_timebase_tim.c ****   * @brief   HAL time base based on the hardware TIM.
   6:Src/stm32f4xx_hal_timebase_tim.c ****   ******************************************************************************
   7:Src/stm32f4xx_hal_timebase_tim.c ****   * @attention
   8:Src/stm32f4xx_hal_timebase_tim.c ****   *
   9:Src/stm32f4xx_hal_timebase_tim.c ****   * <h2><center>&copy; Copyright (c) 2020 STMicroelectronics.
  10:Src/stm32f4xx_hal_timebase_tim.c ****   * All rights reserved.</center></h2>
  11:Src/stm32f4xx_hal_timebase_tim.c ****   *
  12:Src/stm32f4xx_hal_timebase_tim.c ****   * This software component is licensed by ST under Ultimate Liberty license
  13:Src/stm32f4xx_hal_timebase_tim.c ****   * SLA0044, the "License"; You may not use this file except in compliance with
  14:Src/stm32f4xx_hal_timebase_tim.c ****   * the License. You may obtain a copy of the License at:
  15:Src/stm32f4xx_hal_timebase_tim.c ****   *                             www.st.com/SLA0044
  16:Src/stm32f4xx_hal_timebase_tim.c ****   *
  17:Src/stm32f4xx_hal_timebase_tim.c ****   ******************************************************************************
  18:Src/stm32f4xx_hal_timebase_tim.c ****   */
  19:Src/stm32f4xx_hal_timebase_tim.c **** /* USER CODE END Header */
  20:Src/stm32f4xx_hal_timebase_tim.c **** 
  21:Src/stm32f4xx_hal_timebase_tim.c **** /* Includes ------------------------------------------------------------------*/
  22:Src/stm32f4xx_hal_timebase_tim.c **** #include "stm32f4xx_hal.h"
  23:Src/stm32f4xx_hal_timebase_tim.c **** #include "stm32f4xx_hal_tim.h"
  24:Src/stm32f4xx_hal_timebase_tim.c ****  
  25:Src/stm32f4xx_hal_timebase_tim.c **** /* Private typedef -----------------------------------------------------------*/
  26:Src/stm32f4xx_hal_timebase_tim.c **** /* Private define ------------------------------------------------------------*/
  27:Src/stm32f4xx_hal_timebase_tim.c **** /* Private macro -------------------------------------------------------------*/
  28:Src/stm32f4xx_hal_timebase_tim.c **** /* Private variables ---------------------------------------------------------*/
ARM GAS  /tmp/cc65vmza.s 			page 2


  29:Src/stm32f4xx_hal_timebase_tim.c **** TIM_HandleTypeDef        htim1; 
  30:Src/stm32f4xx_hal_timebase_tim.c **** /* Private function prototypes -----------------------------------------------*/
  31:Src/stm32f4xx_hal_timebase_tim.c **** /* Private functions ---------------------------------------------------------*/
  32:Src/stm32f4xx_hal_timebase_tim.c **** 
  33:Src/stm32f4xx_hal_timebase_tim.c **** /**
  34:Src/stm32f4xx_hal_timebase_tim.c ****   * @brief  This function configures the TIM1 as a time base source. 
  35:Src/stm32f4xx_hal_timebase_tim.c ****   *         The time source is configured  to have 1ms time base with a dedicated 
  36:Src/stm32f4xx_hal_timebase_tim.c ****   *         Tick interrupt priority. 
  37:Src/stm32f4xx_hal_timebase_tim.c ****   * @note   This function is called  automatically at the beginning of program after
  38:Src/stm32f4xx_hal_timebase_tim.c ****   *         reset by HAL_Init() or at any time when clock is configured, by HAL_RCC_ClockConfig(). 
  39:Src/stm32f4xx_hal_timebase_tim.c ****   * @param  TickPriority: Tick interrupt priority.
  40:Src/stm32f4xx_hal_timebase_tim.c ****   * @retval HAL status
  41:Src/stm32f4xx_hal_timebase_tim.c ****   */
  42:Src/stm32f4xx_hal_timebase_tim.c **** HAL_StatusTypeDef HAL_InitTick(uint32_t TickPriority)
  43:Src/stm32f4xx_hal_timebase_tim.c **** {
  31              		.loc 1 43 1 view -0
  32              		.cfi_startproc
  33              		@ args = 0, pretend = 0, frame = 32
  34              		@ frame_needed = 0, uses_anonymous_args = 0
  44:Src/stm32f4xx_hal_timebase_tim.c ****   RCC_ClkInitTypeDef    clkconfig;
  35              		.loc 1 44 3 view .LVU1
  45:Src/stm32f4xx_hal_timebase_tim.c ****   uint32_t              uwTimclock = 0;
  36              		.loc 1 45 3 view .LVU2
  46:Src/stm32f4xx_hal_timebase_tim.c ****   uint32_t              uwPrescalerValue = 0;
  37              		.loc 1 46 3 view .LVU3
  47:Src/stm32f4xx_hal_timebase_tim.c ****   uint32_t              pFLatency;
  38              		.loc 1 47 3 view .LVU4
  48:Src/stm32f4xx_hal_timebase_tim.c ****   
  49:Src/stm32f4xx_hal_timebase_tim.c ****   /*Configure the TIM1 IRQ priority */
  50:Src/stm32f4xx_hal_timebase_tim.c ****   HAL_NVIC_SetPriority(TIM1_UP_TIM10_IRQn, TickPriority ,0); 
  39              		.loc 1 50 3 view .LVU5
  43:Src/stm32f4xx_hal_timebase_tim.c ****   RCC_ClkInitTypeDef    clkconfig;
  40              		.loc 1 43 1 is_stmt 0 view .LVU6
  41 0000 30B5     		push	{r4, r5, lr}
  42              	.LCFI0:
  43              		.cfi_def_cfa_offset 12
  44              		.cfi_offset 4, -12
  45              		.cfi_offset 5, -8
  46              		.cfi_offset 14, -4
  47 0002 0146     		mov	r1, r0
  48 0004 89B0     		sub	sp, sp, #36
  49              	.LCFI1:
  50              		.cfi_def_cfa_offset 48
  51              		.loc 1 50 3 view .LVU7
  52 0006 0022     		movs	r2, #0
  53 0008 1920     		movs	r0, #25
  54              	.LVL1:
  55              		.loc 1 50 3 view .LVU8
  56 000a FFF7FEFF 		bl	HAL_NVIC_SetPriority
  57              	.LVL2:
  51:Src/stm32f4xx_hal_timebase_tim.c ****   
  52:Src/stm32f4xx_hal_timebase_tim.c ****   /* Enable the TIM1 global Interrupt */
  53:Src/stm32f4xx_hal_timebase_tim.c ****   HAL_NVIC_EnableIRQ(TIM1_UP_TIM10_IRQn); 
  58              		.loc 1 53 3 is_stmt 1 view .LVU9
  59 000e 1920     		movs	r0, #25
  60 0010 FFF7FEFF 		bl	HAL_NVIC_EnableIRQ
  61              	.LVL3:
ARM GAS  /tmp/cc65vmza.s 			page 3


  54:Src/stm32f4xx_hal_timebase_tim.c ****   
  55:Src/stm32f4xx_hal_timebase_tim.c ****   /* Enable TIM1 clock */
  56:Src/stm32f4xx_hal_timebase_tim.c ****   __HAL_RCC_TIM1_CLK_ENABLE();
  62              		.loc 1 56 3 view .LVU10
  63              	.LBB2:
  64              		.loc 1 56 3 view .LVU11
  65 0014 0025     		movs	r5, #0
  66 0016 154B     		ldr	r3, .L7
  67 0018 0295     		str	r5, [sp, #8]
  68              		.loc 1 56 3 view .LVU12
  69 001a 5A6C     		ldr	r2, [r3, #68]
  70              	.LBE2:
  57:Src/stm32f4xx_hal_timebase_tim.c ****   
  58:Src/stm32f4xx_hal_timebase_tim.c ****   /* Get clock configuration */
  59:Src/stm32f4xx_hal_timebase_tim.c ****   HAL_RCC_GetClockConfig(&clkconfig, &pFLatency);
  60:Src/stm32f4xx_hal_timebase_tim.c ****   
  61:Src/stm32f4xx_hal_timebase_tim.c ****   /* Compute TIM1 clock */
  62:Src/stm32f4xx_hal_timebase_tim.c ****   uwTimclock = HAL_RCC_GetPCLK2Freq();
  63:Src/stm32f4xx_hal_timebase_tim.c ****    
  64:Src/stm32f4xx_hal_timebase_tim.c ****   /* Compute the prescaler value to have TIM1 counter clock equal to 1MHz */
  65:Src/stm32f4xx_hal_timebase_tim.c ****   uwPrescalerValue = (uint32_t) ((uwTimclock / 1000000) - 1);
  66:Src/stm32f4xx_hal_timebase_tim.c ****   
  67:Src/stm32f4xx_hal_timebase_tim.c ****   /* Initialize TIM1 */
  68:Src/stm32f4xx_hal_timebase_tim.c ****   htim1.Instance = TIM1;
  71              		.loc 1 68 18 is_stmt 0 view .LVU13
  72 001c 144C     		ldr	r4, .L7+4
  73              	.LBB3:
  56:Src/stm32f4xx_hal_timebase_tim.c ****   
  74              		.loc 1 56 3 view .LVU14
  75 001e 42F00102 		orr	r2, r2, #1
  76 0022 5A64     		str	r2, [r3, #68]
  56:Src/stm32f4xx_hal_timebase_tim.c ****   
  77              		.loc 1 56 3 is_stmt 1 view .LVU15
  78 0024 5B6C     		ldr	r3, [r3, #68]
  79 0026 03F00103 		and	r3, r3, #1
  80              	.LBE3:
  59:Src/stm32f4xx_hal_timebase_tim.c ****   
  81              		.loc 1 59 3 is_stmt 0 view .LVU16
  82 002a 01A9     		add	r1, sp, #4
  83              	.LBB4:
  56:Src/stm32f4xx_hal_timebase_tim.c ****   
  84              		.loc 1 56 3 view .LVU17
  85 002c 0293     		str	r3, [sp, #8]
  56:Src/stm32f4xx_hal_timebase_tim.c ****   
  86              		.loc 1 56 3 is_stmt 1 view .LVU18
  87              	.LBE4:
  59:Src/stm32f4xx_hal_timebase_tim.c ****   
  88              		.loc 1 59 3 is_stmt 0 view .LVU19
  89 002e 03A8     		add	r0, sp, #12
  90              	.LBB5:
  56:Src/stm32f4xx_hal_timebase_tim.c ****   
  91              		.loc 1 56 3 view .LVU20
  92 0030 029B     		ldr	r3, [sp, #8]
  93              	.LBE5:
  56:Src/stm32f4xx_hal_timebase_tim.c ****   
  94              		.loc 1 56 3 is_stmt 1 view .LVU21
  59:Src/stm32f4xx_hal_timebase_tim.c ****   
ARM GAS  /tmp/cc65vmza.s 			page 4


  95              		.loc 1 59 3 view .LVU22
  96 0032 FFF7FEFF 		bl	HAL_RCC_GetClockConfig
  97              	.LVL4:
  62:Src/stm32f4xx_hal_timebase_tim.c ****    
  98              		.loc 1 62 3 view .LVU23
  62:Src/stm32f4xx_hal_timebase_tim.c ****    
  99              		.loc 1 62 16 is_stmt 0 view .LVU24
 100 0036 FFF7FEFF 		bl	HAL_RCC_GetPCLK2Freq
 101              	.LVL5:
  65:Src/stm32f4xx_hal_timebase_tim.c ****   
 102              		.loc 1 65 46 view .LVU25
 103 003a 0E4B     		ldr	r3, .L7+8
 104              		.loc 1 68 18 view .LVU26
 105 003c 0E49     		ldr	r1, .L7+12
  69:Src/stm32f4xx_hal_timebase_tim.c ****   
  70:Src/stm32f4xx_hal_timebase_tim.c ****   /* Initialize TIMx peripheral as follow:
  71:Src/stm32f4xx_hal_timebase_tim.c ****   + Period = [(TIM1CLK/1000) - 1]. to have a (1/1000) s time base.
  72:Src/stm32f4xx_hal_timebase_tim.c ****   + Prescaler = (uwTimclock/1000000 - 1) to have a 1MHz counter clock.
  73:Src/stm32f4xx_hal_timebase_tim.c ****   + ClockDivision = 0
  74:Src/stm32f4xx_hal_timebase_tim.c ****   + Counter direction = Up
  75:Src/stm32f4xx_hal_timebase_tim.c ****   */
  76:Src/stm32f4xx_hal_timebase_tim.c ****   htim1.Init.Period = (1000000 / 1000) - 1;
  77:Src/stm32f4xx_hal_timebase_tim.c ****   htim1.Init.Prescaler = uwPrescalerValue;
  78:Src/stm32f4xx_hal_timebase_tim.c ****   htim1.Init.ClockDivision = 0;
 106              		.loc 1 78 28 view .LVU27
 107 003e 2561     		str	r5, [r4, #16]
 108              	.LVL6:
  65:Src/stm32f4xx_hal_timebase_tim.c ****   
 109              		.loc 1 65 3 is_stmt 1 view .LVU28
  68:Src/stm32f4xx_hal_timebase_tim.c ****   
 110              		.loc 1 68 3 view .LVU29
  65:Src/stm32f4xx_hal_timebase_tim.c ****   
 111              		.loc 1 65 46 is_stmt 0 view .LVU30
 112 0040 A3FB0030 		umull	r3, r0, r3, r0
 113              	.LVL7:
  65:Src/stm32f4xx_hal_timebase_tim.c ****   
 114              		.loc 1 65 46 view .LVU31
 115 0044 830C     		lsrs	r3, r0, #18
  65:Src/stm32f4xx_hal_timebase_tim.c ****   
 116              		.loc 1 65 20 view .LVU32
 117 0046 013B     		subs	r3, r3, #1
  76:Src/stm32f4xx_hal_timebase_tim.c ****   htim1.Init.Prescaler = uwPrescalerValue;
 118              		.loc 1 76 21 view .LVU33
 119 0048 40F2E732 		movw	r2, #999
  79:Src/stm32f4xx_hal_timebase_tim.c ****   htim1.Init.CounterMode = TIM_COUNTERMODE_UP;
  80:Src/stm32f4xx_hal_timebase_tim.c ****   if(HAL_TIM_Base_Init(&htim1) == HAL_OK)
 120              		.loc 1 80 6 view .LVU34
 121 004c 2046     		mov	r0, r4
  79:Src/stm32f4xx_hal_timebase_tim.c ****   htim1.Init.CounterMode = TIM_COUNTERMODE_UP;
 122              		.loc 1 79 26 view .LVU35
 123 004e C4E90135 		strd	r3, r5, [r4, #4]
  68:Src/stm32f4xx_hal_timebase_tim.c ****   
 124              		.loc 1 68 18 view .LVU36
 125 0052 2160     		str	r1, [r4]
  76:Src/stm32f4xx_hal_timebase_tim.c ****   htim1.Init.Prescaler = uwPrescalerValue;
 126              		.loc 1 76 3 is_stmt 1 view .LVU37
  76:Src/stm32f4xx_hal_timebase_tim.c ****   htim1.Init.Prescaler = uwPrescalerValue;
ARM GAS  /tmp/cc65vmza.s 			page 5


 127              		.loc 1 76 21 is_stmt 0 view .LVU38
 128 0054 E260     		str	r2, [r4, #12]
  77:Src/stm32f4xx_hal_timebase_tim.c ****   htim1.Init.ClockDivision = 0;
 129              		.loc 1 77 3 is_stmt 1 view .LVU39
  78:Src/stm32f4xx_hal_timebase_tim.c ****   htim1.Init.CounterMode = TIM_COUNTERMODE_UP;
 130              		.loc 1 78 3 view .LVU40
  79:Src/stm32f4xx_hal_timebase_tim.c ****   if(HAL_TIM_Base_Init(&htim1) == HAL_OK)
 131              		.loc 1 79 3 view .LVU41
 132              		.loc 1 80 3 view .LVU42
 133              		.loc 1 80 6 is_stmt 0 view .LVU43
 134 0056 FFF7FEFF 		bl	HAL_TIM_Base_Init
 135              	.LVL8:
 136              		.loc 1 80 5 view .LVU44
 137 005a 10B1     		cbz	r0, .L6
  81:Src/stm32f4xx_hal_timebase_tim.c ****   {
  82:Src/stm32f4xx_hal_timebase_tim.c ****     /* Start the TIM time Base generation in interrupt mode */
  83:Src/stm32f4xx_hal_timebase_tim.c ****     return HAL_TIM_Base_Start_IT(&htim1);
  84:Src/stm32f4xx_hal_timebase_tim.c ****   }
  85:Src/stm32f4xx_hal_timebase_tim.c ****   
  86:Src/stm32f4xx_hal_timebase_tim.c ****   /* Return function status */
  87:Src/stm32f4xx_hal_timebase_tim.c ****   return HAL_ERROR;
 138              		.loc 1 87 10 view .LVU45
 139 005c 0120     		movs	r0, #1
  88:Src/stm32f4xx_hal_timebase_tim.c **** }
 140              		.loc 1 88 1 view .LVU46
 141 005e 09B0     		add	sp, sp, #36
 142              	.LCFI2:
 143              		.cfi_remember_state
 144              		.cfi_def_cfa_offset 12
 145              		@ sp needed
 146 0060 30BD     		pop	{r4, r5, pc}
 147              	.L6:
 148              	.LCFI3:
 149              		.cfi_restore_state
  83:Src/stm32f4xx_hal_timebase_tim.c ****   }
 150              		.loc 1 83 5 is_stmt 1 view .LVU47
  83:Src/stm32f4xx_hal_timebase_tim.c ****   }
 151              		.loc 1 83 12 is_stmt 0 view .LVU48
 152 0062 2046     		mov	r0, r4
 153 0064 FFF7FEFF 		bl	HAL_TIM_Base_Start_IT
 154              	.LVL9:
 155              		.loc 1 88 1 view .LVU49
 156 0068 09B0     		add	sp, sp, #36
 157              	.LCFI4:
 158              		.cfi_def_cfa_offset 12
 159              		@ sp needed
 160 006a 30BD     		pop	{r4, r5, pc}
 161              	.L8:
 162              		.align	2
 163              	.L7:
 164 006c 00380240 		.word	1073887232
 165 0070 00000000 		.word	htim1
 166 0074 83DE1B43 		.word	1125899907
 167 0078 00000140 		.word	1073807360
 168              		.cfi_endproc
 169              	.LFE130:
 171              		.section	.text.HAL_SuspendTick,"ax",%progbits
ARM GAS  /tmp/cc65vmza.s 			page 6


 172              		.align	1
 173              		.p2align 2,,3
 174              		.global	HAL_SuspendTick
 175              		.syntax unified
 176              		.thumb
 177              		.thumb_func
 178              		.fpu fpv4-sp-d16
 180              	HAL_SuspendTick:
 181              	.LFB131:
  89:Src/stm32f4xx_hal_timebase_tim.c **** 
  90:Src/stm32f4xx_hal_timebase_tim.c **** /**
  91:Src/stm32f4xx_hal_timebase_tim.c ****   * @brief  Suspend Tick increment.
  92:Src/stm32f4xx_hal_timebase_tim.c ****   * @note   Disable the tick increment by disabling TIM1 update interrupt.
  93:Src/stm32f4xx_hal_timebase_tim.c ****   * @param  None
  94:Src/stm32f4xx_hal_timebase_tim.c ****   * @retval None
  95:Src/stm32f4xx_hal_timebase_tim.c ****   */
  96:Src/stm32f4xx_hal_timebase_tim.c **** void HAL_SuspendTick(void)
  97:Src/stm32f4xx_hal_timebase_tim.c **** {
 182              		.loc 1 97 1 is_stmt 1 view -0
 183              		.cfi_startproc
 184              		@ args = 0, pretend = 0, frame = 0
 185              		@ frame_needed = 0, uses_anonymous_args = 0
 186              		@ link register save eliminated.
  98:Src/stm32f4xx_hal_timebase_tim.c ****   /* Disable TIM1 update Interrupt */
  99:Src/stm32f4xx_hal_timebase_tim.c ****   __HAL_TIM_DISABLE_IT(&htim1, TIM_IT_UPDATE);                                                  
 187              		.loc 1 99 3 view .LVU51
 188 0000 034B     		ldr	r3, .L10
 189 0002 1A68     		ldr	r2, [r3]
 190 0004 D368     		ldr	r3, [r2, #12]
 191 0006 23F00103 		bic	r3, r3, #1
 192 000a D360     		str	r3, [r2, #12]
 100:Src/stm32f4xx_hal_timebase_tim.c **** }
 193              		.loc 1 100 1 is_stmt 0 view .LVU52
 194 000c 7047     		bx	lr
 195              	.L11:
 196 000e 00BF     		.align	2
 197              	.L10:
 198 0010 00000000 		.word	htim1
 199              		.cfi_endproc
 200              	.LFE131:
 202              		.section	.text.HAL_ResumeTick,"ax",%progbits
 203              		.align	1
 204              		.p2align 2,,3
 205              		.global	HAL_ResumeTick
 206              		.syntax unified
 207              		.thumb
 208              		.thumb_func
 209              		.fpu fpv4-sp-d16
 211              	HAL_ResumeTick:
 212              	.LFB132:
 101:Src/stm32f4xx_hal_timebase_tim.c **** 
 102:Src/stm32f4xx_hal_timebase_tim.c **** /**
 103:Src/stm32f4xx_hal_timebase_tim.c ****   * @brief  Resume Tick increment.
 104:Src/stm32f4xx_hal_timebase_tim.c ****   * @note   Enable the tick increment by Enabling TIM1 update interrupt.
 105:Src/stm32f4xx_hal_timebase_tim.c ****   * @param  None
 106:Src/stm32f4xx_hal_timebase_tim.c ****   * @retval None
 107:Src/stm32f4xx_hal_timebase_tim.c ****   */
ARM GAS  /tmp/cc65vmza.s 			page 7


 108:Src/stm32f4xx_hal_timebase_tim.c **** void HAL_ResumeTick(void)
 109:Src/stm32f4xx_hal_timebase_tim.c **** {
 213              		.loc 1 109 1 is_stmt 1 view -0
 214              		.cfi_startproc
 215              		@ args = 0, pretend = 0, frame = 0
 216              		@ frame_needed = 0, uses_anonymous_args = 0
 217              		@ link register save eliminated.
 110:Src/stm32f4xx_hal_timebase_tim.c ****   /* Enable TIM1 Update interrupt */
 111:Src/stm32f4xx_hal_timebase_tim.c ****   __HAL_TIM_ENABLE_IT(&htim1, TIM_IT_UPDATE);
 218              		.loc 1 111 3 view .LVU54
 219 0000 034B     		ldr	r3, .L13
 220 0002 1A68     		ldr	r2, [r3]
 221 0004 D368     		ldr	r3, [r2, #12]
 222 0006 43F00103 		orr	r3, r3, #1
 223 000a D360     		str	r3, [r2, #12]
 112:Src/stm32f4xx_hal_timebase_tim.c **** }
 224              		.loc 1 112 1 is_stmt 0 view .LVU55
 225 000c 7047     		bx	lr
 226              	.L14:
 227 000e 00BF     		.align	2
 228              	.L13:
 229 0010 00000000 		.word	htim1
 230              		.cfi_endproc
 231              	.LFE132:
 233              		.comm	htim1,64,4
 234              		.text
 235              	.Letext0:
 236              		.file 2 "/usr/lib/gcc/arm-none-eabi/9.2.1/include/stdint.h"
 237              		.file 3 "Drivers/CMSIS/Include/core_cm4.h"
 238              		.file 4 "Drivers/CMSIS/Device/ST/STM32F4xx/Include/system_stm32f4xx.h"
 239              		.file 5 "Drivers/CMSIS/Device/ST/STM32F4xx/Include/stm32f446xx.h"
 240              		.file 6 "Drivers/STM32F4xx_HAL_Driver/Inc/stm32f4xx_hal_def.h"
 241              		.file 7 "Drivers/STM32F4xx_HAL_Driver/Inc/stm32f4xx_hal_rcc.h"
 242              		.file 8 "Drivers/STM32F4xx_HAL_Driver/Inc/stm32f4xx_hal_dma.h"
 243              		.file 9 "Drivers/STM32F4xx_HAL_Driver/Inc/stm32f4xx_hal_tim.h"
 244              		.file 10 "Drivers/STM32F4xx_HAL_Driver/Inc/stm32f4xx_hal.h"
 245              		.file 11 "Drivers/STM32F4xx_HAL_Driver/Inc/stm32f4xx_hal_cortex.h"
ARM GAS  /tmp/cc65vmza.s 			page 8


DEFINED SYMBOLS
                            *ABS*:0000000000000000 stm32f4xx_hal_timebase_tim.c
     /tmp/cc65vmza.s:18     .text.HAL_InitTick:0000000000000000 $t
     /tmp/cc65vmza.s:27     .text.HAL_InitTick:0000000000000000 HAL_InitTick
     /tmp/cc65vmza.s:164    .text.HAL_InitTick:000000000000006c $d
                            *COM*:0000000000000040 htim1
     /tmp/cc65vmza.s:172    .text.HAL_SuspendTick:0000000000000000 $t
     /tmp/cc65vmza.s:180    .text.HAL_SuspendTick:0000000000000000 HAL_SuspendTick
     /tmp/cc65vmza.s:198    .text.HAL_SuspendTick:0000000000000010 $d
     /tmp/cc65vmza.s:203    .text.HAL_ResumeTick:0000000000000000 $t
     /tmp/cc65vmza.s:211    .text.HAL_ResumeTick:0000000000000000 HAL_ResumeTick
     /tmp/cc65vmza.s:229    .text.HAL_ResumeTick:0000000000000010 $d

UNDEFINED SYMBOLS
HAL_NVIC_SetPriority
HAL_NVIC_EnableIRQ
HAL_RCC_GetClockConfig
HAL_RCC_GetPCLK2Freq
HAL_TIM_Base_Init
HAL_TIM_Base_Start_IT
