ARM GAS  /tmp/ccvTaIlO.s 			page 1


   1              		.cpu cortex-m4
   2              		.eabi_attribute 27, 1
   3              		.eabi_attribute 28, 1
   4              		.eabi_attribute 20, 1
   5              		.eabi_attribute 21, 1
   6              		.eabi_attribute 23, 3
   7              		.eabi_attribute 24, 1
   8              		.eabi_attribute 25, 1
   9              		.eabi_attribute 26, 1
  10              		.eabi_attribute 30, 2
  11              		.eabi_attribute 34, 1
  12              		.eabi_attribute 18, 4
  13              		.file	"stm32f4xx_it.c"
  14              		.text
  15              	.Ltext0:
  16              		.cfi_sections	.debug_frame
  17              		.section	.text.NMI_Handler,"ax",%progbits
  18              		.align	1
  19              		.p2align 2,,3
  20              		.global	NMI_Handler
  21              		.arch armv7e-m
  22              		.syntax unified
  23              		.thumb
  24              		.thumb_func
  25              		.fpu fpv4-sp-d16
  27              	NMI_Handler:
  28              	.LFB133:
  29              		.file 1 "Src/stm32f4xx_it.c"
   1:Src/stm32f4xx_it.c **** /* USER CODE BEGIN Header */
   2:Src/stm32f4xx_it.c **** /**
   3:Src/stm32f4xx_it.c ****   ******************************************************************************
   4:Src/stm32f4xx_it.c ****   * @file    stm32f4xx_it.c
   5:Src/stm32f4xx_it.c ****   * @brief   Interrupt Service Routines.
   6:Src/stm32f4xx_it.c ****   ******************************************************************************
   7:Src/stm32f4xx_it.c ****   * @attention
   8:Src/stm32f4xx_it.c ****   *
   9:Src/stm32f4xx_it.c ****   * <h2><center>&copy; Copyright (c) 2020 STMicroelectronics.
  10:Src/stm32f4xx_it.c ****   * All rights reserved.</center></h2>
  11:Src/stm32f4xx_it.c ****   *
  12:Src/stm32f4xx_it.c ****   * This software component is licensed by ST under Ultimate Liberty license
  13:Src/stm32f4xx_it.c ****   * SLA0044, the "License"; You may not use this file except in compliance with
  14:Src/stm32f4xx_it.c ****   * the License. You may obtain a copy of the License at:
  15:Src/stm32f4xx_it.c ****   *                             www.st.com/SLA0044
  16:Src/stm32f4xx_it.c ****   *
  17:Src/stm32f4xx_it.c ****   ******************************************************************************
  18:Src/stm32f4xx_it.c ****   */
  19:Src/stm32f4xx_it.c **** /* USER CODE END Header */
  20:Src/stm32f4xx_it.c **** 
  21:Src/stm32f4xx_it.c **** /* Includes ------------------------------------------------------------------*/
  22:Src/stm32f4xx_it.c **** #include "main.h"
  23:Src/stm32f4xx_it.c **** #include "stm32f4xx_it.h"
  24:Src/stm32f4xx_it.c **** /* Private includes ----------------------------------------------------------*/
  25:Src/stm32f4xx_it.c **** /* USER CODE BEGIN Includes */
  26:Src/stm32f4xx_it.c **** /* USER CODE END Includes */
  27:Src/stm32f4xx_it.c **** 
  28:Src/stm32f4xx_it.c **** /* Private typedef -----------------------------------------------------------*/
  29:Src/stm32f4xx_it.c **** /* USER CODE BEGIN TD */
ARM GAS  /tmp/ccvTaIlO.s 			page 2


  30:Src/stm32f4xx_it.c **** 
  31:Src/stm32f4xx_it.c **** /* USER CODE END TD */
  32:Src/stm32f4xx_it.c **** 
  33:Src/stm32f4xx_it.c **** /* Private define ------------------------------------------------------------*/
  34:Src/stm32f4xx_it.c **** /* USER CODE BEGIN PD */
  35:Src/stm32f4xx_it.c ****  
  36:Src/stm32f4xx_it.c **** /* USER CODE END PD */
  37:Src/stm32f4xx_it.c **** 
  38:Src/stm32f4xx_it.c **** /* Private macro -------------------------------------------------------------*/
  39:Src/stm32f4xx_it.c **** /* USER CODE BEGIN PM */
  40:Src/stm32f4xx_it.c **** 
  41:Src/stm32f4xx_it.c **** /* USER CODE END PM */
  42:Src/stm32f4xx_it.c **** 
  43:Src/stm32f4xx_it.c **** /* Private variables ---------------------------------------------------------*/
  44:Src/stm32f4xx_it.c **** /* USER CODE BEGIN PV */
  45:Src/stm32f4xx_it.c **** 
  46:Src/stm32f4xx_it.c **** /* USER CODE END PV */
  47:Src/stm32f4xx_it.c **** 
  48:Src/stm32f4xx_it.c **** /* Private function prototypes -----------------------------------------------*/
  49:Src/stm32f4xx_it.c **** /* USER CODE BEGIN PFP */
  50:Src/stm32f4xx_it.c **** 
  51:Src/stm32f4xx_it.c **** /* USER CODE END PFP */
  52:Src/stm32f4xx_it.c **** 
  53:Src/stm32f4xx_it.c **** /* Private user code ---------------------------------------------------------*/
  54:Src/stm32f4xx_it.c **** /* USER CODE BEGIN 0 */
  55:Src/stm32f4xx_it.c **** 
  56:Src/stm32f4xx_it.c **** /* USER CODE END 0 */
  57:Src/stm32f4xx_it.c **** 
  58:Src/stm32f4xx_it.c **** /* External variables --------------------------------------------------------*/
  59:Src/stm32f4xx_it.c **** extern TIM_HandleTypeDef htim1;
  60:Src/stm32f4xx_it.c **** 
  61:Src/stm32f4xx_it.c **** /* USER CODE BEGIN EV */
  62:Src/stm32f4xx_it.c **** 
  63:Src/stm32f4xx_it.c **** /* USER CODE END EV */
  64:Src/stm32f4xx_it.c **** 
  65:Src/stm32f4xx_it.c **** /******************************************************************************/
  66:Src/stm32f4xx_it.c **** /*           Cortex-M4 Processor Interruption and Exception Handlers          */ 
  67:Src/stm32f4xx_it.c **** /******************************************************************************/
  68:Src/stm32f4xx_it.c **** /**
  69:Src/stm32f4xx_it.c ****   * @brief This function handles Non maskable interrupt.
  70:Src/stm32f4xx_it.c ****   */
  71:Src/stm32f4xx_it.c **** void NMI_Handler(void)
  72:Src/stm32f4xx_it.c **** {
  30              		.loc 1 72 1 view -0
  31              		.cfi_startproc
  32              		@ args = 0, pretend = 0, frame = 0
  33              		@ frame_needed = 0, uses_anonymous_args = 0
  34              		@ link register save eliminated.
  73:Src/stm32f4xx_it.c ****   /* USER CODE BEGIN NonMaskableInt_IRQn 0 */
  74:Src/stm32f4xx_it.c **** 
  75:Src/stm32f4xx_it.c ****   /* USER CODE END NonMaskableInt_IRQn 0 */
  76:Src/stm32f4xx_it.c ****   /* USER CODE BEGIN NonMaskableInt_IRQn 1 */
  77:Src/stm32f4xx_it.c **** 
  78:Src/stm32f4xx_it.c ****   /* USER CODE END NonMaskableInt_IRQn 1 */
  79:Src/stm32f4xx_it.c **** }
  35              		.loc 1 79 1 view .LVU1
  36 0000 7047     		bx	lr
ARM GAS  /tmp/ccvTaIlO.s 			page 3


  37              		.cfi_endproc
  38              	.LFE133:
  40 0002 00BF     		.section	.text.HardFault_Handler,"ax",%progbits
  41              		.align	1
  42              		.p2align 2,,3
  43              		.global	HardFault_Handler
  44              		.syntax unified
  45              		.thumb
  46              		.thumb_func
  47              		.fpu fpv4-sp-d16
  49              	HardFault_Handler:
  50              	.LFB134:
  80:Src/stm32f4xx_it.c **** 
  81:Src/stm32f4xx_it.c **** /**
  82:Src/stm32f4xx_it.c ****   * @brief This function handles Hard fault interrupt.
  83:Src/stm32f4xx_it.c ****   */
  84:Src/stm32f4xx_it.c **** void HardFault_Handler(void)
  85:Src/stm32f4xx_it.c **** {
  51              		.loc 1 85 1 view -0
  52              		.cfi_startproc
  53              		@ Volatile: function does not return.
  54              		@ args = 0, pretend = 0, frame = 0
  55              		@ frame_needed = 0, uses_anonymous_args = 0
  56              		@ link register save eliminated.
  57              	.L4:
  86:Src/stm32f4xx_it.c ****   /* USER CODE BEGIN HardFault_IRQn 0 */
  87:Src/stm32f4xx_it.c **** 
  88:Src/stm32f4xx_it.c ****   /* USER CODE END HardFault_IRQn 0 */
  89:Src/stm32f4xx_it.c ****   while (1)
  58              		.loc 1 89 3 discriminator 1 view .LVU3
  90:Src/stm32f4xx_it.c ****   {
  91:Src/stm32f4xx_it.c ****     /* USER CODE BEGIN W1_HardFault_IRQn 0 */
  92:Src/stm32f4xx_it.c ****     /* USER CODE END W1_HardFault_IRQn 0 */
  93:Src/stm32f4xx_it.c ****   }
  59              		.loc 1 93 3 discriminator 1 view .LVU4
  89:Src/stm32f4xx_it.c ****   {
  60              		.loc 1 89 9 discriminator 1 view .LVU5
  61 0000 FEE7     		b	.L4
  62              		.cfi_endproc
  63              	.LFE134:
  65 0002 00BF     		.section	.text.MemManage_Handler,"ax",%progbits
  66              		.align	1
  67              		.p2align 2,,3
  68              		.global	MemManage_Handler
  69              		.syntax unified
  70              		.thumb
  71              		.thumb_func
  72              		.fpu fpv4-sp-d16
  74              	MemManage_Handler:
  75              	.LFB135:
  94:Src/stm32f4xx_it.c **** }
  95:Src/stm32f4xx_it.c **** 
  96:Src/stm32f4xx_it.c **** /**
  97:Src/stm32f4xx_it.c ****   * @brief This function handles Memory management fault.
  98:Src/stm32f4xx_it.c ****   */
  99:Src/stm32f4xx_it.c **** void MemManage_Handler(void)
 100:Src/stm32f4xx_it.c **** {
ARM GAS  /tmp/ccvTaIlO.s 			page 4


  76              		.loc 1 100 1 view -0
  77              		.cfi_startproc
  78              		@ Volatile: function does not return.
  79              		@ args = 0, pretend = 0, frame = 0
  80              		@ frame_needed = 0, uses_anonymous_args = 0
  81              		@ link register save eliminated.
  82              	.L6:
 101:Src/stm32f4xx_it.c ****   /* USER CODE BEGIN MemoryManagement_IRQn 0 */
 102:Src/stm32f4xx_it.c **** 
 103:Src/stm32f4xx_it.c ****   /* USER CODE END MemoryManagement_IRQn 0 */
 104:Src/stm32f4xx_it.c ****   while (1)
  83              		.loc 1 104 3 discriminator 1 view .LVU7
 105:Src/stm32f4xx_it.c ****   {
 106:Src/stm32f4xx_it.c ****     /* USER CODE BEGIN W1_MemoryManagement_IRQn 0 */
 107:Src/stm32f4xx_it.c ****     /* USER CODE END W1_MemoryManagement_IRQn 0 */
 108:Src/stm32f4xx_it.c ****   }
  84              		.loc 1 108 3 discriminator 1 view .LVU8
 104:Src/stm32f4xx_it.c ****   {
  85              		.loc 1 104 9 discriminator 1 view .LVU9
  86 0000 FEE7     		b	.L6
  87              		.cfi_endproc
  88              	.LFE135:
  90 0002 00BF     		.section	.text.BusFault_Handler,"ax",%progbits
  91              		.align	1
  92              		.p2align 2,,3
  93              		.global	BusFault_Handler
  94              		.syntax unified
  95              		.thumb
  96              		.thumb_func
  97              		.fpu fpv4-sp-d16
  99              	BusFault_Handler:
 100              	.LFB136:
 109:Src/stm32f4xx_it.c **** }
 110:Src/stm32f4xx_it.c **** 
 111:Src/stm32f4xx_it.c **** /**
 112:Src/stm32f4xx_it.c ****   * @brief This function handles Pre-fetch fault, memory access fault.
 113:Src/stm32f4xx_it.c ****   */
 114:Src/stm32f4xx_it.c **** void BusFault_Handler(void)
 115:Src/stm32f4xx_it.c **** {
 101              		.loc 1 115 1 view -0
 102              		.cfi_startproc
 103              		@ Volatile: function does not return.
 104              		@ args = 0, pretend = 0, frame = 0
 105              		@ frame_needed = 0, uses_anonymous_args = 0
 106              		@ link register save eliminated.
 107              	.L8:
 116:Src/stm32f4xx_it.c ****   /* USER CODE BEGIN BusFault_IRQn 0 */
 117:Src/stm32f4xx_it.c **** 
 118:Src/stm32f4xx_it.c ****   /* USER CODE END BusFault_IRQn 0 */
 119:Src/stm32f4xx_it.c ****   while (1)
 108              		.loc 1 119 3 discriminator 1 view .LVU11
 120:Src/stm32f4xx_it.c ****   {
 121:Src/stm32f4xx_it.c ****     /* USER CODE BEGIN W1_BusFault_IRQn 0 */
 122:Src/stm32f4xx_it.c ****     /* USER CODE END W1_BusFault_IRQn 0 */
 123:Src/stm32f4xx_it.c ****   }
 109              		.loc 1 123 3 discriminator 1 view .LVU12
 119:Src/stm32f4xx_it.c ****   {
ARM GAS  /tmp/ccvTaIlO.s 			page 5


 110              		.loc 1 119 9 discriminator 1 view .LVU13
 111 0000 FEE7     		b	.L8
 112              		.cfi_endproc
 113              	.LFE136:
 115 0002 00BF     		.section	.text.UsageFault_Handler,"ax",%progbits
 116              		.align	1
 117              		.p2align 2,,3
 118              		.global	UsageFault_Handler
 119              		.syntax unified
 120              		.thumb
 121              		.thumb_func
 122              		.fpu fpv4-sp-d16
 124              	UsageFault_Handler:
 125              	.LFB137:
 124:Src/stm32f4xx_it.c **** }
 125:Src/stm32f4xx_it.c **** 
 126:Src/stm32f4xx_it.c **** /**
 127:Src/stm32f4xx_it.c ****   * @brief This function handles Undefined instruction or illegal state.
 128:Src/stm32f4xx_it.c ****   */
 129:Src/stm32f4xx_it.c **** void UsageFault_Handler(void)
 130:Src/stm32f4xx_it.c **** {
 126              		.loc 1 130 1 view -0
 127              		.cfi_startproc
 128              		@ Volatile: function does not return.
 129              		@ args = 0, pretend = 0, frame = 0
 130              		@ frame_needed = 0, uses_anonymous_args = 0
 131              		@ link register save eliminated.
 132              	.L10:
 131:Src/stm32f4xx_it.c ****   /* USER CODE BEGIN UsageFault_IRQn 0 */
 132:Src/stm32f4xx_it.c **** 
 133:Src/stm32f4xx_it.c ****   /* USER CODE END UsageFault_IRQn 0 */
 134:Src/stm32f4xx_it.c ****   while (1)
 133              		.loc 1 134 3 discriminator 1 view .LVU15
 135:Src/stm32f4xx_it.c ****   {
 136:Src/stm32f4xx_it.c ****     /* USER CODE BEGIN W1_UsageFault_IRQn 0 */
 137:Src/stm32f4xx_it.c ****     /* USER CODE END W1_UsageFault_IRQn 0 */
 138:Src/stm32f4xx_it.c ****   }
 134              		.loc 1 138 3 discriminator 1 view .LVU16
 134:Src/stm32f4xx_it.c ****   {
 135              		.loc 1 134 9 discriminator 1 view .LVU17
 136 0000 FEE7     		b	.L10
 137              		.cfi_endproc
 138              	.LFE137:
 140 0002 00BF     		.section	.text.DebugMon_Handler,"ax",%progbits
 141              		.align	1
 142              		.p2align 2,,3
 143              		.global	DebugMon_Handler
 144              		.syntax unified
 145              		.thumb
 146              		.thumb_func
 147              		.fpu fpv4-sp-d16
 149              	DebugMon_Handler:
 150              	.LFB142:
 151              		.cfi_startproc
 152              		@ args = 0, pretend = 0, frame = 0
 153              		@ frame_needed = 0, uses_anonymous_args = 0
 154              		@ link register save eliminated.
ARM GAS  /tmp/ccvTaIlO.s 			page 6


 155 0000 7047     		bx	lr
 156              		.cfi_endproc
 157              	.LFE142:
 159 0002 00BF     		.section	.text.EXTI0_IRQHandler,"ax",%progbits
 160              		.align	1
 161              		.p2align 2,,3
 162              		.global	EXTI0_IRQHandler
 163              		.syntax unified
 164              		.thumb
 165              		.thumb_func
 166              		.fpu fpv4-sp-d16
 168              	EXTI0_IRQHandler:
 169              	.LFB139:
 139:Src/stm32f4xx_it.c **** }
 140:Src/stm32f4xx_it.c **** 
 141:Src/stm32f4xx_it.c **** /**
 142:Src/stm32f4xx_it.c ****   * @brief This function handles Debug monitor.
 143:Src/stm32f4xx_it.c ****   */
 144:Src/stm32f4xx_it.c **** void DebugMon_Handler(void)
 145:Src/stm32f4xx_it.c **** {
 146:Src/stm32f4xx_it.c ****   /* USER CODE BEGIN DebugMonitor_IRQn 0 */
 147:Src/stm32f4xx_it.c **** 
 148:Src/stm32f4xx_it.c ****   /* USER CODE END DebugMonitor_IRQn 0 */
 149:Src/stm32f4xx_it.c ****   /* USER CODE BEGIN DebugMonitor_IRQn 1 */
 150:Src/stm32f4xx_it.c **** 
 151:Src/stm32f4xx_it.c ****   /* USER CODE END DebugMonitor_IRQn 1 */
 152:Src/stm32f4xx_it.c **** }
 153:Src/stm32f4xx_it.c **** 
 154:Src/stm32f4xx_it.c **** /******************************************************************************/
 155:Src/stm32f4xx_it.c **** /* STM32F4xx Peripheral Interrupt Handlers                                    */
 156:Src/stm32f4xx_it.c **** /* Add here the Interrupt Handlers for the used peripherals.                  */
 157:Src/stm32f4xx_it.c **** /* For the available peripheral interrupt handler names,                      */
 158:Src/stm32f4xx_it.c **** /* please refer to the startup file (startup_stm32f4xx.s).                    */
 159:Src/stm32f4xx_it.c **** /******************************************************************************/
 160:Src/stm32f4xx_it.c **** 
 161:Src/stm32f4xx_it.c **** /**
 162:Src/stm32f4xx_it.c ****   * @brief This function handles EXTI line 0 interrupt.
 163:Src/stm32f4xx_it.c ****   */
 164:Src/stm32f4xx_it.c **** void EXTI0_IRQHandler(void)
 165:Src/stm32f4xx_it.c **** {
 170              		.loc 1 165 1 view -0
 171              		.cfi_startproc
 172              		@ args = 0, pretend = 0, frame = 0
 173              		@ frame_needed = 0, uses_anonymous_args = 0
 174              		@ link register save eliminated.
 166:Src/stm32f4xx_it.c ****   /* USER CODE BEGIN EXTI0_IRQn 0 */
 167:Src/stm32f4xx_it.c **** 
 168:Src/stm32f4xx_it.c ****   /* USER CODE END EXTI0_IRQn 0 */
 169:Src/stm32f4xx_it.c ****   HAL_EXTI_IRQHandler(&H_EXTI_0);
 175              		.loc 1 169 3 view .LVU19
 176 0000 0148     		ldr	r0, .L13
 177 0002 FFF7FEBF 		b	HAL_EXTI_IRQHandler
 178              	.LVL0:
 179              	.L14:
 180 0006 00BF     		.align	2
 181              	.L13:
 182 0008 00000000 		.word	hexti0
ARM GAS  /tmp/ccvTaIlO.s 			page 7


 183              		.cfi_endproc
 184              	.LFE139:
 186              		.section	.text.TIM1_UP_TIM10_IRQHandler,"ax",%progbits
 187              		.align	1
 188              		.p2align 2,,3
 189              		.global	TIM1_UP_TIM10_IRQHandler
 190              		.syntax unified
 191              		.thumb
 192              		.thumb_func
 193              		.fpu fpv4-sp-d16
 195              	TIM1_UP_TIM10_IRQHandler:
 196              	.LFB140:
 170:Src/stm32f4xx_it.c ****   /* USER CODE BEGIN EXTI0_IRQn 1 */
 171:Src/stm32f4xx_it.c **** 
 172:Src/stm32f4xx_it.c ****   /* USER CODE END EXTI0_IRQn 1 */
 173:Src/stm32f4xx_it.c **** }
 174:Src/stm32f4xx_it.c **** 
 175:Src/stm32f4xx_it.c **** /**
 176:Src/stm32f4xx_it.c ****   * @brief This function handles TIM1 update interrupt and TIM10 global interrupt.
 177:Src/stm32f4xx_it.c ****   */
 178:Src/stm32f4xx_it.c **** void TIM1_UP_TIM10_IRQHandler(void)
 179:Src/stm32f4xx_it.c **** {
 197              		.loc 1 179 1 view -0
 198              		.cfi_startproc
 199              		@ args = 0, pretend = 0, frame = 0
 200              		@ frame_needed = 0, uses_anonymous_args = 0
 201              		@ link register save eliminated.
 180:Src/stm32f4xx_it.c ****   /* USER CODE BEGIN TIM1_UP_TIM10_IRQn 0 */
 181:Src/stm32f4xx_it.c **** 
 182:Src/stm32f4xx_it.c ****   /* USER CODE END TIM1_UP_TIM10_IRQn 0 */
 183:Src/stm32f4xx_it.c ****   HAL_TIM_IRQHandler(&htim1);
 202              		.loc 1 183 3 view .LVU21
 203 0000 0148     		ldr	r0, .L16
 204 0002 FFF7FEBF 		b	HAL_TIM_IRQHandler
 205              	.LVL1:
 206              	.L17:
 207 0006 00BF     		.align	2
 208              	.L16:
 209 0008 00000000 		.word	htim1
 210              		.cfi_endproc
 211              	.LFE140:
 213              		.text
 214              	.Letext0:
 215              		.file 2 "/usr/lib/gcc/arm-none-eabi/9.2.1/include/stdint.h"
 216              		.file 3 "Drivers/CMSIS/Include/core_cm4.h"
 217              		.file 4 "Drivers/CMSIS/Device/ST/STM32F4xx/Include/system_stm32f4xx.h"
 218              		.file 5 "Drivers/CMSIS/Device/ST/STM32F4xx/Include/stm32f446xx.h"
 219              		.file 6 "Drivers/STM32F4xx_HAL_Driver/Inc/stm32f4xx_hal_def.h"
 220              		.file 7 "Drivers/STM32F4xx_HAL_Driver/Inc/stm32f4xx_hal_exti.h"
 221              		.file 8 "Drivers/STM32F4xx_HAL_Driver/Inc/stm32f4xx_hal_dma.h"
 222              		.file 9 "Drivers/STM32F4xx_HAL_Driver/Inc/stm32f4xx_hal_spi.h"
 223              		.file 10 "Drivers/STM32F4xx_HAL_Driver/Inc/stm32f4xx_hal_tim.h"
 224              		.file 11 "Drivers/STM32F4xx_HAL_Driver/Inc/stm32f4xx_hal_uart.h"
 225              		.file 12 "Drivers/STM32F4xx_HAL_Driver/Inc/stm32f4xx_hal.h"
 226              		.file 13 "Inc/stm32f4xx_nucleo_bus.h"
 227              		.file 14 "Inc/hci_tl_interface.h"
 228              		.file 15 "Drivers/BSP/STM32F4xx_Nucleo/stm32f4xx_nucleo.h"
ARM GAS  /tmp/ccvTaIlO.s 			page 8


 229              		.file 16 "/usr/lib/gcc/arm-none-eabi/9.2.1/include/stddef.h"
 230              		.file 17 "/usr/include/newlib/sys/_types.h"
 231              		.file 18 "/usr/include/newlib/sys/reent.h"
 232              		.file 19 "/usr/include/newlib/sys/lock.h"
 233              		.file 20 "/usr/include/newlib/stdlib.h"
ARM GAS  /tmp/ccvTaIlO.s 			page 9


DEFINED SYMBOLS
                            *ABS*:0000000000000000 stm32f4xx_it.c
     /tmp/ccvTaIlO.s:18     .text.NMI_Handler:0000000000000000 $t
     /tmp/ccvTaIlO.s:27     .text.NMI_Handler:0000000000000000 NMI_Handler
     /tmp/ccvTaIlO.s:41     .text.HardFault_Handler:0000000000000000 $t
     /tmp/ccvTaIlO.s:49     .text.HardFault_Handler:0000000000000000 HardFault_Handler
     /tmp/ccvTaIlO.s:66     .text.MemManage_Handler:0000000000000000 $t
     /tmp/ccvTaIlO.s:74     .text.MemManage_Handler:0000000000000000 MemManage_Handler
     /tmp/ccvTaIlO.s:91     .text.BusFault_Handler:0000000000000000 $t
     /tmp/ccvTaIlO.s:99     .text.BusFault_Handler:0000000000000000 BusFault_Handler
     /tmp/ccvTaIlO.s:116    .text.UsageFault_Handler:0000000000000000 $t
     /tmp/ccvTaIlO.s:124    .text.UsageFault_Handler:0000000000000000 UsageFault_Handler
     /tmp/ccvTaIlO.s:141    .text.DebugMon_Handler:0000000000000000 $t
     /tmp/ccvTaIlO.s:149    .text.DebugMon_Handler:0000000000000000 DebugMon_Handler
     /tmp/ccvTaIlO.s:160    .text.EXTI0_IRQHandler:0000000000000000 $t
     /tmp/ccvTaIlO.s:168    .text.EXTI0_IRQHandler:0000000000000000 EXTI0_IRQHandler
     /tmp/ccvTaIlO.s:182    .text.EXTI0_IRQHandler:0000000000000008 $d
     /tmp/ccvTaIlO.s:187    .text.TIM1_UP_TIM10_IRQHandler:0000000000000000 $t
     /tmp/ccvTaIlO.s:195    .text.TIM1_UP_TIM10_IRQHandler:0000000000000000 TIM1_UP_TIM10_IRQHandler
     /tmp/ccvTaIlO.s:209    .text.TIM1_UP_TIM10_IRQHandler:0000000000000008 $d

UNDEFINED SYMBOLS
HAL_EXTI_IRQHandler
hexti0
HAL_TIM_IRQHandler
htim1
