This file contains any messages produced by compilers while
running configure, to aid debugging if configure makes a mistake.

It was created by freedom-metal configure v0.1.2, which was
generated by GNU Autoconf 2.69.  Invocation command line was

  $ /home/reglisse/Documents/Code/Github/SecPump/SecPump-RISC-V/SiFive-freedom-e-sdk/freedom-metal/configure --host=riscv64-unknown-elf --prefix=/home/reglisse/Documents/Code/Github/SecPump/SecPump-RISC-V/SiFive-freedom-e-sdk/bsp/sifive-hifive1/install --libdir=/home/reglisse/Documents/Code/Github/SecPump/SecPump-RISC-V/SiFive-freedom-e-sdk/bsp/sifive-hifive1/install/lib/release --with-builtin-libgloss --with-machine-header=/home/reglisse/Documents/Code/Github/SecPump/SecPump-RISC-V/SiFive-freedom-e-sdk/bsp/sifive-hifive1/metal.h --with-machine-inline=/home/reglisse/Documents/Code/Github/SecPump/SecPump-RISC-V/SiFive-freedom-e-sdk/bsp/sifive-hifive1/metal-inline.h --with-platform-header=/home/reglisse/Documents/Code/Github/SecPump/SecPump-RISC-V/SiFive-freedom-e-sdk/bsp/sifive-hifive1/metal-platform.h

## --------- ##
## Platform. ##
## --------- ##

hostname = reglisse-vm
uname -m = x86_64
uname -r = 5.4.0-52-generic
uname -s = Linux
uname -v = #57-Ubuntu SMP Thu Oct 15 10:57:00 UTC 2020

/usr/bin/uname -p = x86_64
/bin/uname -X     = unknown

/bin/arch              = x86_64
/usr/bin/arch -k       = unknown
/usr/convex/getsysinfo = unknown
/usr/bin/hostinfo      = unknown
/bin/machine           = unknown
/usr/bin/oslevel       = unknown
/bin/universe          = unknown

PATH: /home/reglisse/Opt/riscv64-unknown-elf-gcc-8.3.0-2020.04.0-x86_64-linux-ubuntu14/bin
PATH: /usr/local/sbin
PATH: /usr/local/bin
PATH: /usr/sbin
PATH: /usr/bin
PATH: /sbin
PATH: /bin
PATH: /usr/games
PATH: /usr/local/games
PATH: /home/reglisse/Opt/llvm-project/_install/bin
PATH: /home/reglisse/Opt/riscv64-unknown-elf-gcc-8.3.0-2020.04.0-x86_64-linux-ubuntu14/bin
PATH: /snap/bin
PATH: /home/reglisse/.local/bin
PATH: /home/reglisse/Opt/llvm-project/_install/bin
PATH: /home/reglisse/Opt/riscv64-unknown-elf-gcc-8.3.0-2020.04.0-x86_64-linux-ubuntu14/bin
PATH: /snap/bin
PATH: /home/reglisse/.local/bin


## ----------- ##
## Core tests. ##
## ----------- ##

configure:1904: checking for a BSD-compatible install
configure:1972: result: /usr/bin/install -c
configure:1983: checking whether build environment is sane
configure:2038: result: yes
configure:2095: checking for riscv64-unknown-elf-strip
configure:2111: found /home/reglisse/Opt/riscv64-unknown-elf-gcc-8.3.0-2020.04.0-x86_64-linux-ubuntu14/bin/riscv64-unknown-elf-strip
configure:2122: result: riscv64-unknown-elf-strip
configure:2187: checking for a thread-safe mkdir -p
configure:2226: result: /usr/bin/mkdir -p
configure:2233: checking for gawk
configure:2249: found /usr/bin/gawk
configure:2260: result: gawk
configure:2271: checking whether make sets $(MAKE)
configure:2293: result: yes
configure:2322: checking whether make supports nested variables
configure:2339: result: yes
configure:2466: checking whether to enable maintainer-specific portions of Makefiles
configure:2475: result: no
configure:2494: checking build system type
configure:2508: result: x86_64-pc-linux-gnu
configure:2528: checking host system type
configure:2541: result: riscv64-unknown-elf
configure:2571: checking for riscv64-unknown-elf-gcc
configure:2587: found /home/reglisse/Opt/riscv64-unknown-elf-gcc-8.3.0-2020.04.0-x86_64-linux-ubuntu14/bin/riscv64-unknown-elf-gcc
configure:2598: result: riscv64-unknown-elf-gcc
configure:2867: checking for C compiler version
configure:2876: riscv64-unknown-elf-gcc --version >&5
riscv64-unknown-elf-gcc (SiFive GCC 8.3.0-2020.04.0) 8.3.0
Copyright (C) 2018 Free Software Foundation, Inc.
This is free software; see the source for copying conditions.  There is NO
warranty; not even for MERCHANTABILITY or FITNESS FOR A PARTICULAR PURPOSE.

configure:2887: $? = 0
configure:2876: riscv64-unknown-elf-gcc -v >&5
Using built-in specs.
COLLECT_GCC=riscv64-unknown-elf-gcc
COLLECT_LTO_WRAPPER=/home/reglisse/Opt/riscv64-unknown-elf-gcc-8.3.0-2020.04.0-x86_64-linux-ubuntu14/bin/../libexec/gcc/riscv64-unknown-elf/8.3.0/lto-wrapper
Target: riscv64-unknown-elf
Configured with: /scratch/jenkins/workspace/tpp-freedom-tools/tpp03--toolchain-only-package--scratch-carsteng/obj/x86_64-linux-ubuntu14/build/riscv-gnu-toolchain/riscv-gcc/configure --target=riscv64-unknown-elf --host=x86_64-linux-gnu --prefix=/scratch/jenkins/workspace/tpp-freedom-tools/tpp03--toolchain-only-package--scratch-carsteng/obj/x86_64-linux-ubuntu14/install/riscv64-unknown-elf-gcc-8.3.0-2020.04.0-x86_64-linux-ubuntu14 --with-pkgversion='SiFive GCC 8.3.0-2020.04.0' --with-bugurl=https://github.com/sifive/freedom-tools/issues --disable-shared --disable-threads --enable-languages=c,c++ --enable-tls --with-newlib --with-sysroot=/scratch/jenkins/workspace/tpp-freedom-tools/tpp03--toolchain-only-package--scratch-carsteng/obj/x86_64-linux-ubuntu14/install/riscv64-unknown-elf-gcc-8.3.0-2020.04.0-x86_64-linux-ubuntu14/riscv64-unknown-elf --with-native-system-header-dir=/include --disable-libmudflap --disable-libssp --disable-libquadmath --disable-libgomp --disable-nls --disable-tm-clone-registry --src=../riscv-gcc --with-system-zlib --enable-checking=yes --enable-multilib --with-abi=lp64d --with-arch=rv64imafdc CFLAGS=-O2 CXXFLAGS=-O2 'CFLAGS_FOR_TARGET=-Os  -mcmodel=medany' 'CXXFLAGS_FOR_TARGET=-Os  -mcmodel=medany'
Thread model: single
gcc version 8.3.0 (SiFive GCC 8.3.0-2020.04.0) 
configure:2887: $? = 0
configure:2876: riscv64-unknown-elf-gcc -V >&5
riscv64-unknown-elf-gcc: error: unrecognized command line option '-V'
riscv64-unknown-elf-gcc: fatal error: no input files
compilation terminated.
configure:2887: $? = 1
configure:2876: riscv64-unknown-elf-gcc -qversion >&5
riscv64-unknown-elf-gcc: error: unrecognized command line option '-qversion'; did you mean '--version'?
riscv64-unknown-elf-gcc: fatal error: no input files
compilation terminated.
configure:2887: $? = 1
configure:2907: checking whether the C compiler works
configure:2929: riscv64-unknown-elf-gcc -march=rv32imac -mabi=ilp32 -mcmodel=medlow -ffunction-sections -fdata-sections -I/home/reglisse/Documents/Code/Github/SecPump/SecPump-RISC-V/SiFive-freedom-e-sdk/bsp/sifive-hifive1/install/include --specs=nano.specs -DMTIME_RATE_HZ_DEF=32768 -Os   conftest.c  >&5
configure:2933: $? = 0
configure:2981: result: yes
configure:2984: checking for C compiler default output file name
configure:2986: result: a.out
configure:2992: checking for suffix of executables
configure:2999: riscv64-unknown-elf-gcc -o conftest -march=rv32imac -mabi=ilp32 -mcmodel=medlow -ffunction-sections -fdata-sections -I/home/reglisse/Documents/Code/Github/SecPump/SecPump-RISC-V/SiFive-freedom-e-sdk/bsp/sifive-hifive1/install/include --specs=nano.specs -DMTIME_RATE_HZ_DEF=32768 -Os   conftest.c  >&5
configure:3003: $? = 0
configure:3025: result: 
configure:3047: checking whether we are cross compiling
configure:3055: riscv64-unknown-elf-gcc -o conftest -march=rv32imac -mabi=ilp32 -mcmodel=medlow -ffunction-sections -fdata-sections -I/home/reglisse/Documents/Code/Github/SecPump/SecPump-RISC-V/SiFive-freedom-e-sdk/bsp/sifive-hifive1/install/include --specs=nano.specs -DMTIME_RATE_HZ_DEF=32768 -Os   conftest.c  >&5
configure:3059: $? = 0
configure:3066: ./conftest
/home/reglisse/Documents/Code/Github/SecPump/SecPump-RISC-V/SiFive-freedom-e-sdk/freedom-metal/configure: line 3068: ./conftest: cannot execute binary file: Exec format error
configure:3070: $? = 126
configure:3058: result: yes
configure:3063: checking for suffix of object files
configure:3085: riscv64-unknown-elf-gcc -c -march=rv32imac -mabi=ilp32 -mcmodel=medlow -ffunction-sections -fdata-sections -I/home/reglisse/Documents/Code/Github/SecPump/SecPump-RISC-V/SiFive-freedom-e-sdk/bsp/sifive-hifive1/install/include --specs=nano.specs -DMTIME_RATE_HZ_DEF=32768 -Os  conftest.c >&5
configure:3089: $? = 0
configure:3110: result: o
configure:3114: checking whether we are using the GNU C compiler
configure:3133: riscv64-unknown-elf-gcc -c -march=rv32imac -mabi=ilp32 -mcmodel=medlow -ffunction-sections -fdata-sections -I/home/reglisse/Documents/Code/Github/SecPump/SecPump-RISC-V/SiFive-freedom-e-sdk/bsp/sifive-hifive1/install/include --specs=nano.specs -DMTIME_RATE_HZ_DEF=32768 -Os  conftest.c >&5
configure:3133: $? = 0
configure:3142: result: yes
configure:3151: checking whether riscv64-unknown-elf-gcc accepts -g
configure:3171: riscv64-unknown-elf-gcc -c -g  conftest.c >&5
configure:3171: $? = 0
configure:3212: result: yes
configure:3229: checking for riscv64-unknown-elf-gcc option to accept ISO C89
configure:3292: riscv64-unknown-elf-gcc  -c -march=rv32imac -mabi=ilp32 -mcmodel=medlow -ffunction-sections -fdata-sections -I/home/reglisse/Documents/Code/Github/SecPump/SecPump-RISC-V/SiFive-freedom-e-sdk/bsp/sifive-hifive1/install/include --specs=nano.specs -DMTIME_RATE_HZ_DEF=32768 -Os  conftest.c >&5
configure:3292: $? = 0
configure:3305: result: none needed
configure:3330: checking whether riscv64-unknown-elf-gcc understands -c and -o together
configure:3352: riscv64-unknown-elf-gcc -c conftest.c -o conftest2.o
configure:3355: $? = 0
configure:3352: riscv64-unknown-elf-gcc -c conftest.c -o conftest2.o
configure:3355: $? = 0
configure:3367: result: yes
configure:3395: checking for style of include used by make
configure:3423: result: GNU
configure:3449: checking dependency style of riscv64-unknown-elf-gcc
configure:3560: result: gcc3
configure:3578: checking for riscv64-unknown-elf-ranlib
configure:3594: found /home/reglisse/Opt/riscv64-unknown-elf-gcc-8.3.0-2020.04.0-x86_64-linux-ubuntu14/bin/riscv64-unknown-elf-ranlib
configure:3605: result: riscv64-unknown-elf-ranlib
configure:3673: checking for riscv64-unknown-elf-ar
configure:3689: found /home/reglisse/Opt/riscv64-unknown-elf-gcc-8.3.0-2020.04.0-x86_64-linux-ubuntu14/bin/riscv64-unknown-elf-ar
configure:3700: result: riscv64-unknown-elf-ar
configure:3770: checking the archiver (riscv64-unknown-elf-ar) interface
configure:3786: riscv64-unknown-elf-gcc -c -march=rv32imac -mabi=ilp32 -mcmodel=medlow -ffunction-sections -fdata-sections -I/home/reglisse/Documents/Code/Github/SecPump/SecPump-RISC-V/SiFive-freedom-e-sdk/bsp/sifive-hifive1/install/include --specs=nano.specs -DMTIME_RATE_HZ_DEF=32768 -Os  conftest.c >&5
configure:3786: $? = 0
configure:3788: riscv64-unknown-elf-ar cru libconftest.a conftest.o >&5
configure:3791: $? = 0
configure:3790: result: ar
configure:3819: checking dependency style of riscv64-unknown-elf-gcc
configure:3928: result: gcc3
configure:3964: riscv64-unknown-elf-gcc -c -march=rv32imac -mabi=ilp32 -mcmodel=medlow -ffunction-sections -fdata-sections -I/home/reglisse/Documents/Code/Github/SecPump/SecPump-RISC-V/SiFive-freedom-e-sdk/bsp/sifive-hifive1/install/include --specs=nano.specs -DMTIME_RATE_HZ_DEF=32768 -Os  conftest.c >&5
configure:3964: $? = 0
configure:4243: checking that generated files are newer than configure
configure:4249: result: done
configure:4292: creating ./config.status

## ---------------------- ##
## Running config.status. ##
## ---------------------- ##

This file was extended by freedom-metal config.status v0.1.2, which was
generated by GNU Autoconf 2.69.  Invocation command line was

  CONFIG_FILES    = 
  CONFIG_HEADERS  = 
  CONFIG_LINKS    = 
  CONFIG_COMMANDS = 
  $ ./config.status 

on reglisse-vm

config.status:801: creating Makefile
config.status:958: executing depfiles commands

## ---------------- ##
## Cache variables. ##
## ---------------- ##

ac_cv_build=x86_64-pc-linux-gnu
ac_cv_c_compiler_gnu=yes
ac_cv_env_CCASFLAGS_set=
ac_cv_env_CCASFLAGS_value=
ac_cv_env_CCAS_set=
ac_cv_env_CCAS_value=
ac_cv_env_CC_set=
ac_cv_env_CC_value=
ac_cv_env_CFLAGS_set=set
ac_cv_env_CFLAGS_value='-march=rv32imac -mabi=ilp32 -mcmodel=medlow -ffunction-sections -fdata-sections -I/home/reglisse/Documents/Code/Github/SecPump/SecPump-RISC-V/SiFive-freedom-e-sdk/bsp/sifive-hifive1/install/include --specs=nano.specs -DMTIME_RATE_HZ_DEF=32768 -Os'
ac_cv_env_CPPFLAGS_set=
ac_cv_env_CPPFLAGS_value=
ac_cv_env_LDFLAGS_set=
ac_cv_env_LDFLAGS_value=
ac_cv_env_LIBS_set=
ac_cv_env_LIBS_value=
ac_cv_env_build_alias_set=
ac_cv_env_build_alias_value=
ac_cv_env_host_alias_set=set
ac_cv_env_host_alias_value=riscv64-unknown-elf
ac_cv_env_target_alias_set=
ac_cv_env_target_alias_value=
ac_cv_host=riscv64-unknown-elf
ac_cv_objext=o
ac_cv_path_install='/usr/bin/install -c'
ac_cv_path_mkdir=/usr/bin/mkdir
ac_cv_prog_AR=riscv64-unknown-elf-ar
ac_cv_prog_AWK=gawk
ac_cv_prog_CC=riscv64-unknown-elf-gcc
ac_cv_prog_RANLIB=riscv64-unknown-elf-ranlib
ac_cv_prog_STRIP=riscv64-unknown-elf-strip
ac_cv_prog_cc_c89=
ac_cv_prog_cc_g=yes
ac_cv_prog_make_make_set=yes
am_cv_CCAS_dependencies_compiler_type=gcc3
am_cv_CC_dependencies_compiler_type=gcc3
am_cv_ar_interface=ar
am_cv_make_support_nested_variables=yes
am_cv_prog_cc_c_o=yes

## ----------------- ##
## Output variables. ##
## ----------------- ##

ACLOCAL='${SHELL} /home/reglisse/Documents/Code/Github/SecPump/SecPump-RISC-V/SiFive-freedom-e-sdk/freedom-metal/missing aclocal-1.15'
AMDEPBACKSLASH='\'
AMDEP_FALSE='#'
AMDEP_TRUE=''
AMTAR='$${TAR-tar}'
AM_BACKSLASH='\'
AM_DEFAULT_V='$(AM_DEFAULT_VERBOSITY)'
AM_DEFAULT_VERBOSITY='1'
AM_V='$(V)'
AR='riscv64-unknown-elf-ar'
AUTOCONF='${SHELL} /home/reglisse/Documents/Code/Github/SecPump/SecPump-RISC-V/SiFive-freedom-e-sdk/freedom-metal/missing autoconf'
AUTOHEADER='${SHELL} /home/reglisse/Documents/Code/Github/SecPump/SecPump-RISC-V/SiFive-freedom-e-sdk/freedom-metal/missing autoheader'
AUTOMAKE='${SHELL} /home/reglisse/Documents/Code/Github/SecPump/SecPump-RISC-V/SiFive-freedom-e-sdk/freedom-metal/missing automake-1.15'
AWK='gawk'
CC='riscv64-unknown-elf-gcc'
CCAS='riscv64-unknown-elf-gcc'
CCASDEPMODE='depmode=gcc3'
CCASFLAGS='-march=rv32imac -mabi=ilp32 -mcmodel=medlow -ffunction-sections -fdata-sections -I/home/reglisse/Documents/Code/Github/SecPump/SecPump-RISC-V/SiFive-freedom-e-sdk/bsp/sifive-hifive1/install/include --specs=nano.specs -DMTIME_RATE_HZ_DEF=32768 -Os'
CCDEPMODE='depmode=gcc3'
CFLAGS='-march=rv32imac -mabi=ilp32 -mcmodel=medlow -ffunction-sections -fdata-sections -I/home/reglisse/Documents/Code/Github/SecPump/SecPump-RISC-V/SiFive-freedom-e-sdk/bsp/sifive-hifive1/install/include --specs=nano.specs -DMTIME_RATE_HZ_DEF=32768 -Os'
CPPFLAGS=''
CYGPATH_W='echo'
DEFS='-DPACKAGE_NAME=\"freedom-metal\" -DPACKAGE_TARNAME=\"freedom-metal\" -DPACKAGE_VERSION=\"v0.1.2\" -DPACKAGE_STRING=\"freedom-metal\ v0.1.2\" -DPACKAGE_BUGREPORT=\"https://github.com/sifive/freedom-metal/issues\" -DPACKAGE_URL=\"https://github.com/sifive/freedom-metal\" -DPACKAGE=\"freedom-metal\" -DVERSION=\"v0.1.2\"'
DEPDIR='.deps'
ECHO_C=''
ECHO_N='-n'
ECHO_T=''
EXEEXT=''
INSTALL_DATA='${INSTALL} -m 644'
INSTALL_PROGRAM='${INSTALL}'
INSTALL_SCRIPT='${INSTALL}'
INSTALL_STRIP_PROGRAM='$(install_sh) -c -s'
LDFLAGS=''
LIBOBJS=''
LIBS=''
LTLIBOBJS=''
MACHINE_HEADER='/home/reglisse/Documents/Code/Github/SecPump/SecPump-RISC-V/SiFive-freedom-e-sdk/bsp/sifive-hifive1/metal.h'
MACHINE_INLINE='/home/reglisse/Documents/Code/Github/SecPump/SecPump-RISC-V/SiFive-freedom-e-sdk/bsp/sifive-hifive1/metal-inline.h'
MAINT='#'
MAINTAINER_MODE_FALSE=''
MAINTAINER_MODE_TRUE='#'
MAKEINFO='${SHELL} /home/reglisse/Documents/Code/Github/SecPump/SecPump-RISC-V/SiFive-freedom-e-sdk/freedom-metal/missing makeinfo'
MKDIR_P='/usr/bin/mkdir -p'
OBJEXT='o'
PACKAGE='freedom-metal'
PACKAGE_BUGREPORT='https://github.com/sifive/freedom-metal/issues'
PACKAGE_NAME='freedom-metal'
PACKAGE_STRING='freedom-metal v0.1.2'
PACKAGE_TARNAME='freedom-metal'
PACKAGE_URL='https://github.com/sifive/freedom-metal'
PACKAGE_VERSION='v0.1.2'
PATH_SEPARATOR=':'
PLATFORM_HEADER='/home/reglisse/Documents/Code/Github/SecPump/SecPump-RISC-V/SiFive-freedom-e-sdk/bsp/sifive-hifive1/metal-platform.h'
RANLIB='riscv64-unknown-elf-ranlib'
SET_MAKE=''
SHELL='/bin/bash'
STRIP='riscv64-unknown-elf-strip'
VERSION='v0.1.2'
WITH_BUILTIN_LIBGLOSS_FALSE='#'
WITH_BUILTIN_LIBGLOSS_TRUE=''
WITH_BUILTIN_LIBMETAL_PICO_FALSE=''
WITH_BUILTIN_LIBMETAL_PICO_TRUE='#'
WITH_BUILTIN_LIBMETAL_SEGGER_FALSE=''
WITH_BUILTIN_LIBMETAL_SEGGER_TRUE='#'
ac_ct_AR=''
ac_ct_CC=''
am__EXEEXT_FALSE=''
am__EXEEXT_TRUE='#'
am__fastdepCCAS_FALSE='#'
am__fastdepCCAS_TRUE=''
am__fastdepCC_FALSE='#'
am__fastdepCC_TRUE=''
am__include='include'
am__isrc=' -I$(srcdir)'
am__leading_dot='.'
am__nodep='_no'
am__quote=''
am__tar='$${TAR-tar} chof - "$$tardir"'
am__untar='$${TAR-tar} xf -'
bindir='${exec_prefix}/bin'
build='x86_64-pc-linux-gnu'
build_alias=''
build_cpu='x86_64'
build_os='linux-gnu'
build_vendor='pc'
datadir='${datarootdir}'
datarootdir='${prefix}/share'
docdir='${datarootdir}/doc/${PACKAGE_TARNAME}'
dvidir='${docdir}'
exec_prefix='${prefix}'
host='riscv64-unknown-elf'
host_alias='riscv64-unknown-elf'
host_cpu='riscv64'
host_os='elf'
host_vendor='unknown'
htmldir='${docdir}'
includedir='${prefix}/include'
infodir='${datarootdir}/info'
install_sh='${SHELL} /home/reglisse/Documents/Code/Github/SecPump/SecPump-RISC-V/SiFive-freedom-e-sdk/freedom-metal/install-sh'
libdir='/home/reglisse/Documents/Code/Github/SecPump/SecPump-RISC-V/SiFive-freedom-e-sdk/bsp/sifive-hifive1/install/lib/release'
libexecdir='${exec_prefix}/libexec'
localedir='${datarootdir}/locale'
localstatedir='${prefix}/var'
mandir='${datarootdir}/man'
mkdir_p='$(MKDIR_P)'
oldincludedir='/usr/include'
pdfdir='${docdir}'
prefix='/home/reglisse/Documents/Code/Github/SecPump/SecPump-RISC-V/SiFive-freedom-e-sdk/bsp/sifive-hifive1/install'
program_transform_name='s,x,x,'
psdir='${docdir}'
runstatedir='${localstatedir}/run'
sbindir='${exec_prefix}/sbin'
sharedstatedir='${prefix}/com'
sysconfdir='${prefix}/etc'
target_alias=''

## ----------- ##
## confdefs.h. ##
## ----------- ##

/* confdefs.h */
#define PACKAGE_NAME "freedom-metal"
#define PACKAGE_TARNAME "freedom-metal"
#define PACKAGE_VERSION "v0.1.2"
#define PACKAGE_STRING "freedom-metal v0.1.2"
#define PACKAGE_BUGREPORT "https://github.com/sifive/freedom-metal/issues"
#define PACKAGE_URL "https://github.com/sifive/freedom-metal"
#define PACKAGE "freedom-metal"
#define VERSION "v0.1.2"

configure: exit 0
